{"/home/travis/build/npmtest/node-npmtest-backstopjs/test.js":{"path":"/home/travis/build/npmtest/node-npmtest-backstopjs/test.js","s":{"1":2,"2":2,"3":2,"4":2,"5":2,"6":2,"7":2,"8":1,"9":2,"10":2,"11":1,"12":1,"13":1,"14":1,"15":2,"16":2,"17":2,"18":2,"19":1,"20":1,"21":2,"22":2,"23":2,"24":1,"25":1,"26":1,"27":1,"28":1,"29":1,"30":1,"31":1,"32":1,"33":1,"34":1,"35":1,"36":1,"37":1,"38":1,"39":2,"40":2,"41":1,"42":2,"43":2,"44":1,"45":2,"46":2,"47":1,"48":2,"49":2,"50":1,"51":1,"52":1,"53":1,"54":1},"b":{"1":[2,1,1,1],"2":[1,1,1,1],"3":[1,1],"4":[1,1],"5":[1,1],"6":[1,1],"7":[1,1],"8":[1,1],"9":[1,1],"10":[1,1,1],"11":[1,1],"12":[1,1],"13":[1,1],"14":[1,1],"15":[1,1],"16":[1,1],"17":[1,1]},"f":{"1":2,"2":2,"3":2,"4":2,"5":2,"6":1,"7":1,"8":1,"9":2,"10":2,"11":2,"12":2,"13":1},"fnMap":{"1":{"name":"(anonymous_1)","line":12,"loc":{"start":{"line":12,"column":1},"end":{"line":12,"column":13}}},"2":{"name":"(anonymous_2)","line":19,"loc":{"start":{"line":19,"column":5},"end":{"line":19,"column":17}}},"3":{"name":"(anonymous_3)","line":23,"loc":{"start":{"line":23,"column":24},"end":{"line":23,"column":36}}},"4":{"name":"(anonymous_4)","line":61,"loc":{"start":{"line":61,"column":5},"end":{"line":61,"column":17}}},"5":{"name":"(anonymous_5)","line":82,"loc":{"start":{"line":82,"column":5},"end":{"line":82,"column":17}}},"6":{"name":"(anonymous_6)","line":91,"loc":{"start":{"line":91,"column":77},"end":{"line":94,"column":10}}},"7":{"name":"(anonymous_7)","line":112,"loc":{"start":{"line":112,"column":83},"end":{"line":115,"column":10}},"skip":true},"8":{"name":"(anonymous_8)","line":123,"loc":{"start":{"line":123,"column":77},"end":{"line":126,"column":10}},"skip":true},"9":{"name":"(anonymous_9)","line":139,"loc":{"start":{"line":139,"column":12},"end":{"line":139,"column":40}},"skip":true},"10":{"name":"(anonymous_10)","line":147,"loc":{"start":{"line":147,"column":77},"end":{"line":150,"column":10}},"skip":true},"11":{"name":"(anonymous_11)","line":158,"loc":{"start":{"line":158,"column":83},"end":{"line":161,"column":10}},"skip":true},"12":{"name":"(anonymous_12)","line":169,"loc":{"start":{"line":169,"column":79},"end":{"line":172,"column":10}},"skip":true},"13":{"name":"(anonymous_13)","line":180,"loc":{"start":{"line":180,"column":75},"end":{"line":183,"column":10}},"skip":true}},"statementMap":{"1":{"start":{"line":12,"column":0},"end":{"line":195,"column":5}},"2":{"start":{"line":14,"column":4},"end":{"line":14,"column":14}},"3":{"start":{"line":19,"column":4},"end":{"line":56,"column":9}},"4":{"start":{"line":21,"column":8},"end":{"line":21,"column":19}},"5":{"start":{"line":23,"column":8},"end":{"line":35,"column":13}},"6":{"start":{"line":24,"column":12},"end":{"line":34,"column":13}},"7":{"start":{"line":25,"column":16},"end":{"line":28,"column":30}},"8":{"start":{"line":30,"column":16},"end":{"line":33,"column":27}},"9":{"start":{"line":37,"column":8},"end":{"line":39,"column":21}},"10":{"start":{"line":40,"column":8},"end":{"line":53,"column":9}},"11":{"start":{"line":43,"column":12},"end":{"line":46,"column":14}},"12":{"start":{"line":47,"column":12},"end":{"line":47,"column":18}},"13":{"start":{"line":50,"column":12},"end":{"line":51,"column":46}},"14":{"start":{"line":52,"column":12},"end":{"line":52,"column":18}},"15":{"start":{"line":55,"column":8},"end":{"line":55,"column":35}},"16":{"start":{"line":61,"column":4},"end":{"line":63,"column":9}},"17":{"start":{"line":62,"column":8},"end":{"line":62,"column":15}},"18":{"start":{"line":64,"column":4},"end":{"line":77,"column":5}},"19":{"start":{"line":70,"column":8},"end":{"line":70,"column":14}},"20":{"start":{"line":76,"column":8},"end":{"line":76,"column":14}},"21":{"start":{"line":82,"column":4},"end":{"line":84,"column":9}},"22":{"start":{"line":83,"column":8},"end":{"line":83,"column":15}},"23":{"start":{"line":85,"column":4},"end":{"line":194,"column":5}},"24":{"start":{"line":91,"column":8},"end":{"line":99,"column":10}},"25":{"start":{"line":98,"column":12},"end":{"line":98,"column":35}},"26":{"start":{"line":102,"column":8},"end":{"line":104,"column":63}},"27":{"start":{"line":105,"column":8},"end":{"line":105,"column":14}},"28":{"start":{"line":112,"column":8},"end":{"line":121,"column":10},"skip":true},"29":{"start":{"line":119,"column":12},"end":{"line":119,"column":55},"skip":true},"30":{"start":{"line":120,"column":12},"end":{"line":120,"column":48},"skip":true},"31":{"start":{"line":123,"column":8},"end":{"line":136,"column":10},"skip":true},"32":{"start":{"line":130,"column":12},"end":{"line":130,"column":76},"skip":true},"33":{"start":{"line":131,"column":12},"end":{"line":131,"column":73},"skip":true},"34":{"start":{"line":132,"column":12},"end":{"line":132,"column":74},"skip":true},"35":{"start":{"line":133,"column":12},"end":{"line":133,"column":79},"skip":true},"36":{"start":{"line":134,"column":12},"end":{"line":134,"column":25},"skip":true},"37":{"start":{"line":135,"column":12},"end":{"line":135,"column":45},"skip":true},"38":{"start":{"line":138,"column":8},"end":{"line":145,"column":14},"skip":true},"39":{"start":{"line":143,"column":16},"end":{"line":143,"column":29},"skip":true},"40":{"start":{"line":144,"column":16},"end":{"line":144,"column":55},"skip":true},"41":{"start":{"line":147,"column":8},"end":{"line":156,"column":10},"skip":true},"42":{"start":{"line":154,"column":12},"end":{"line":154,"column":25},"skip":true},"43":{"start":{"line":155,"column":12},"end":{"line":155,"column":45},"skip":true},"44":{"start":{"line":158,"column":8},"end":{"line":167,"column":10},"skip":true},"45":{"start":{"line":165,"column":12},"end":{"line":165,"column":25},"skip":true},"46":{"start":{"line":166,"column":12},"end":{"line":166,"column":48},"skip":true},"47":{"start":{"line":169,"column":8},"end":{"line":178,"column":10},"skip":true},"48":{"start":{"line":176,"column":12},"end":{"line":176,"column":25},"skip":true},"49":{"start":{"line":177,"column":12},"end":{"line":177,"column":46},"skip":true},"50":{"start":{"line":180,"column":8},"end":{"line":189,"column":10},"skip":true},"51":{"start":{"line":187,"column":12},"end":{"line":187,"column":94},"skip":true},"52":{"start":{"line":188,"column":12},"end":{"line":188,"column":48},"skip":true},"53":{"start":{"line":192,"column":8},"end":{"line":192,"column":35},"skip":true},"54":{"start":{"line":193,"column":8},"end":{"line":193,"column":14},"skip":true}},"branchMap":{"1":{"line":25,"type":"binary-expr","locations":[{"start":{"line":25,"column":23},"end":{"line":25,"column":62}},{"start":{"line":26,"column":20},"end":{"line":26,"column":70}},{"start":{"line":27,"column":20},"end":{"line":27,"column":71}},{"start":{"line":28,"column":20},"end":{"line":28,"column":29}}]},"2":{"line":30,"type":"binary-expr","locations":[{"start":{"line":30,"column":23},"end":{"line":30,"column":37}},{"start":{"line":31,"column":20},"end":{"line":31,"column":61}},{"start":{"line":32,"column":20},"end":{"line":32,"column":70}},{"start":{"line":33,"column":20},"end":{"line":33,"column":26}}]},"3":{"line":37,"type":"cond-expr","locations":[{"start":{"line":38,"column":14},"end":{"line":38,"column":20}},{"start":{"line":39,"column":14},"end":{"line":39,"column":20}}]},"4":{"line":40,"type":"switch","locations":[{"start":{"line":42,"column":8},"end":{"line":47,"column":18}},{"start":{"line":49,"column":8},"end":{"line":52,"column":18}}]},"5":{"line":44,"type":"binary-expr","locations":[{"start":{"line":44,"column":16},"end":{"line":44,"column":44}},{"start":{"line":44,"column":48},"end":{"line":44,"column":66}}]},"6":{"line":50,"type":"binary-expr","locations":[{"start":{"line":50,"column":21},"end":{"line":50,"column":49}},{"start":{"line":50,"column":53},"end":{"line":50,"column":72}}]},"7":{"line":64,"type":"switch","locations":[{"start":{"line":69,"column":4},"end":{"line":70,"column":14}},{"start":{"line":75,"column":4},"end":{"line":76,"column":14}}]},"8":{"line":85,"type":"switch","locations":[{"start":{"line":90,"column":4},"end":{"line":105,"column":14}},{"start":{"line":111,"column":4},"end":{"line":193,"column":14},"skip":true}]},"9":{"line":91,"type":"binary-expr","locations":[{"start":{"line":91,"column":42},"end":{"line":91,"column":73}},{"start":{"line":91,"column":77},"end":{"line":99,"column":9}}]},"10":{"line":102,"type":"binary-expr","locations":[{"start":{"line":102,"column":18},"end":{"line":102,"column":32}},{"start":{"line":103,"column":12},"end":{"line":103,"column":53}},{"start":{"line":104,"column":12},"end":{"line":104,"column":61}}]},"11":{"line":112,"type":"binary-expr","locations":[{"start":{"line":112,"column":45},"end":{"line":112,"column":79},"skip":true},{"start":{"line":112,"column":83},"end":{"line":121,"column":9},"skip":true}]},"12":{"line":123,"type":"binary-expr","locations":[{"start":{"line":123,"column":42},"end":{"line":123,"column":73},"skip":true},{"start":{"line":123,"column":77},"end":{"line":136,"column":9},"skip":true}]},"13":{"line":138,"type":"binary-expr","locations":[{"start":{"line":138,"column":48},"end":{"line":138,"column":85},"skip":true},{"start":{"line":139,"column":12},"end":{"line":145,"column":13},"skip":true}]},"14":{"line":147,"type":"binary-expr","locations":[{"start":{"line":147,"column":42},"end":{"line":147,"column":73},"skip":true},{"start":{"line":147,"column":77},"end":{"line":156,"column":9},"skip":true}]},"15":{"line":158,"type":"binary-expr","locations":[{"start":{"line":158,"column":45},"end":{"line":158,"column":79},"skip":true},{"start":{"line":158,"column":83},"end":{"line":167,"column":9},"skip":true}]},"16":{"line":169,"type":"binary-expr","locations":[{"start":{"line":169,"column":43},"end":{"line":169,"column":75},"skip":true},{"start":{"line":169,"column":79},"end":{"line":178,"column":9},"skip":true}]},"17":{"line":180,"type":"binary-expr","locations":[{"start":{"line":180,"column":41},"end":{"line":180,"column":71},"skip":true},{"start":{"line":180,"column":75},"end":{"line":189,"column":9},"skip":true}]}},"code":["/* istanbul instrument in package npmtest_backstopjs */","/*jslint","    bitwise: true,","    browser: true,","    maxerr: 8,","    maxlen: 96,","    node: true,","    nomen: true,","    regexp: true,","    stupid: true","*/","(function () {","    'use strict';","    var local;","","","","    // run shared js-env code - pre-init","    (function () {","        // init local","        local = {};","        // init modeJs","        local.modeJs = (function () {","            try {","                return typeof navigator.userAgent === 'string' &&","                    typeof document.querySelector('body') === 'object' &&","                    typeof XMLHttpRequest.prototype.open === 'function' &&","                    'browser';","            } catch (errorCaughtBrowser) {","                return module.exports &&","                    typeof process.versions.node === 'string' &&","                    typeof require('http').createServer === 'function' &&","                    'node';","            }","        }());","        // init global","        local.global = local.modeJs === 'browser'","            ? window","            : global;","        switch (local.modeJs) {","        // re-init local from window.local","        case 'browser':","            local = local.global.utility2.objectSetDefault(","                local.global.utility2_rollup || local.global.local,","                local.global.utility2","            );","            break;","        // re-init local from example.js","        case 'node':","            local = (local.global.utility2_rollup || require('utility2'))","                .requireExampleJsFromReadme();","            break;","        }","        // export local","        local.global.local = local;","    }());","","","","    // run shared js-env code - function","    (function () {","        return;","    }());","    switch (local.modeJs) {","","","","    // run browser js-env code - function","    case 'browser':","        break;","","","","    // run node js-env code - function","    case 'node':","        break;","    }","","","","    // run shared js-env code - post-init","    (function () {","        return;","    }());","    switch (local.modeJs) {","","","","    // run browser js-env code - post-init","    case 'browser':","        local.testCase_browser_nullCase = local.testCase_browser_nullCase || function (","            options,","            onError","        ) {","        /*","         * this function will test browsers's null-case handling-behavior-behavior","         */","            onError(null, options);","        };","","        // run tests","        local.nop(local.modeTest &&","            document.querySelector('#testRunButton1') &&","            document.querySelector('#testRunButton1').click());","        break;","","","","    // run node js-env code - post-init","    /* istanbul ignore next */","    case 'node':","        local.testCase_buildApidoc_default = local.testCase_buildApidoc_default || function (","            options,","            onError","        ) {","        /*","         * this function will test buildApidoc's default handling-behavior-behavior","         */","            options = { modulePathList: module.paths };","            local.buildApidoc(options, onError);","        };","","        local.testCase_buildApp_default = local.testCase_buildApp_default || function (","            options,","            onError","        ) {","        /*","         * this function will test buildApp's default handling-behavior-behavior","         */","            local.testCase_buildReadme_default(options, local.onErrorThrow);","            local.testCase_buildLib_default(options, local.onErrorThrow);","            local.testCase_buildTest_default(options, local.onErrorThrow);","            local.testCase_buildCustomOrg_default(options, local.onErrorThrow);","            options = [];","            local.buildApp(options, onError);","        };","","        local.testCase_buildCustomOrg_default = local.testCase_buildCustomOrg_default ||","            function (options, onError) {","            /*","             * this function will test buildCustomOrg's default handling-behavior","             */","                options = {};","                local.buildCustomOrg(options, onError);","            };","","        local.testCase_buildLib_default = local.testCase_buildLib_default || function (","            options,","            onError","        ) {","        /*","         * this function will test buildLib's default handling-behavior","         */","            options = {};","            local.buildLib(options, onError);","        };","","        local.testCase_buildReadme_default = local.testCase_buildReadme_default || function (","            options,","            onError","        ) {","        /*","         * this function will test buildReadme's default handling-behavior-behavior","         */","            options = {};","            local.buildReadme(options, onError);","        };","","        local.testCase_buildTest_default = local.testCase_buildTest_default || function (","            options,","            onError","        ) {","        /*","         * this function will test buildTest's default handling-behavior","         */","            options = {};","            local.buildTest(options, onError);","        };","","        local.testCase_webpage_default = local.testCase_webpage_default || function (","            options,","            onError","        ) {","        /*","         * this function will test webpage's default handling-behavior","         */","            options = { modeCoverageMerge: true, url: local.serverLocalHost + '?modeTest=1' };","            local.browserTest(options, onError);","        };","","        // run test-server","        local.testRunServer(local);","        break;","    }","}());",""],"l":{"12":2,"14":2,"19":2,"21":2,"23":2,"24":2,"25":2,"30":1,"37":2,"40":2,"43":1,"47":1,"50":1,"52":1,"55":2,"61":2,"62":2,"64":2,"70":1,"76":1,"82":2,"83":2,"85":2,"91":1,"98":1,"102":1,"105":1,"112":1,"119":1,"120":1,"123":1,"130":1,"131":1,"132":1,"133":1,"134":1,"135":1,"138":1,"143":2,"144":2,"147":1,"154":2,"155":2,"158":1,"165":2,"166":2,"169":1,"176":2,"177":2,"180":1,"187":1,"188":1,"192":1,"193":1}},"/home/travis/build/npmtest/node-npmtest-backstopjs/lib.npmtest_backstopjs.js":{"path":"/home/travis/build/npmtest/node-npmtest-backstopjs/lib.npmtest_backstopjs.js","s":{"1":2,"2":2,"3":2,"4":2,"5":2,"6":2,"7":2,"8":1,"9":2,"10":2,"11":2,"12":2,"13":1,"14":1,"15":1,"16":1},"b":{"1":[2,1,1,1],"2":[1,1,1,1],"3":[1,1],"4":[2,2],"5":[1,1]},"f":{"1":2,"2":2,"3":2},"fnMap":{"1":{"name":"(anonymous_1)","line":12,"loc":{"start":{"line":12,"column":1},"end":{"line":12,"column":13}}},"2":{"name":"(anonymous_2)","line":19,"loc":{"start":{"line":19,"column":5},"end":{"line":19,"column":17}}},"3":{"name":"(anonymous_3)","line":23,"loc":{"start":{"line":23,"column":24},"end":{"line":23,"column":36}}}},"statementMap":{"1":{"start":{"line":12,"column":0},"end":{"line":53,"column":5}},"2":{"start":{"line":14,"column":4},"end":{"line":14,"column":14}},"3":{"start":{"line":19,"column":4},"end":{"line":52,"column":9}},"4":{"start":{"line":21,"column":8},"end":{"line":21,"column":19}},"5":{"start":{"line":23,"column":8},"end":{"line":35,"column":13}},"6":{"start":{"line":24,"column":12},"end":{"line":34,"column":13}},"7":{"start":{"line":25,"column":16},"end":{"line":28,"column":30}},"8":{"start":{"line":30,"column":16},"end":{"line":33,"column":27}},"9":{"start":{"line":37,"column":8},"end":{"line":39,"column":21}},"10":{"start":{"line":41,"column":8},"end":{"line":41,"column":54}},"11":{"start":{"line":43,"column":8},"end":{"line":43,"column":55}},"12":{"start":{"line":45,"column":8},"end":{"line":51,"column":9}},"13":{"start":{"line":46,"column":12},"end":{"line":46,"column":61}},"14":{"start":{"line":48,"column":12},"end":{"line":48,"column":35}},"15":{"start":{"line":49,"column":12},"end":{"line":49,"column":49}},"16":{"start":{"line":50,"column":12},"end":{"line":50,"column":43}}},"branchMap":{"1":{"line":25,"type":"binary-expr","locations":[{"start":{"line":25,"column":23},"end":{"line":25,"column":62}},{"start":{"line":26,"column":20},"end":{"line":26,"column":70}},{"start":{"line":27,"column":20},"end":{"line":27,"column":71}},{"start":{"line":28,"column":20},"end":{"line":28,"column":29}}]},"2":{"line":30,"type":"binary-expr","locations":[{"start":{"line":30,"column":23},"end":{"line":30,"column":37}},{"start":{"line":31,"column":20},"end":{"line":31,"column":61}},{"start":{"line":32,"column":20},"end":{"line":32,"column":70}},{"start":{"line":33,"column":20},"end":{"line":33,"column":26}}]},"3":{"line":37,"type":"cond-expr","locations":[{"start":{"line":38,"column":14},"end":{"line":38,"column":20}},{"start":{"line":39,"column":14},"end":{"line":39,"column":20}}]},"4":{"line":41,"type":"binary-expr","locations":[{"start":{"line":41,"column":16},"end":{"line":41,"column":44}},{"start":{"line":41,"column":48},"end":{"line":41,"column":53}}]},"5":{"line":45,"type":"if","locations":[{"start":{"line":45,"column":8},"end":{"line":45,"column":8}},{"start":{"line":45,"column":8},"end":{"line":45,"column":8}}]}},"code":["/* istanbul instrument in package npmtest_backstopjs */","/*jslint","    bitwise: true,","    browser: true,","    maxerr: 8,","    maxlen: 96,","    node: true,","    nomen: true,","    regexp: true,","    stupid: true","*/","(function () {","    'use strict';","    var local;","","","","    // run shared js-env code - pre-init","    (function () {","        // init local","        local = {};","        // init modeJs","        local.modeJs = (function () {","            try {","                return typeof navigator.userAgent === 'string' &&","                    typeof document.querySelector('body') === 'object' &&","                    typeof XMLHttpRequest.prototype.open === 'function' &&","                    'browser';","            } catch (errorCaughtBrowser) {","                return module.exports &&","                    typeof process.versions.node === 'string' &&","                    typeof require('http').createServer === 'function' &&","                    'node';","            }","        }());","        // init global","        local.global = local.modeJs === 'browser'","            ? window","            : global;","        // init utility2_rollup","        local = local.global.utility2_rollup || local;","        // init lib","        local.local = local.npmtest_backstopjs = local;","        // init exports","        if (local.modeJs === 'browser') {","            local.global.utility2_npmtest_backstopjs = local;","        } else {","            module.exports = local;","            module.exports.__dirname = __dirname;","            module.exports.module = module;","        }","    }());","}());",""],"l":{"12":2,"14":2,"19":2,"21":2,"23":2,"24":2,"25":2,"30":1,"37":2,"41":2,"43":2,"45":2,"46":1,"48":1,"49":1,"50":1}},"/home/travis/build/npmtest/node-npmtest-backstopjs/example.js":{"path":"/home/travis/build/npmtest/node-npmtest-backstopjs/example.js","s":{"1":2,"2":2,"3":2,"4":2,"5":2,"6":2,"7":2,"8":1,"9":2,"10":2,"11":2,"12":2,"13":1,"14":2,"15":2,"16":2,"17":2,"18":2,"19":0,"20":2,"21":1,"22":1,"23":1,"24":1,"25":1,"26":0,"27":0,"28":1,"29":1,"30":2,"31":0,"32":0,"33":0,"34":1,"35":2,"36":2,"37":3,"38":3,"39":3,"40":3,"41":0,"42":3,"43":3,"44":3,"45":1,"46":3,"47":1,"48":1,"49":1,"50":1,"51":1,"52":1,"53":1,"54":1,"55":1,"56":1,"57":0,"58":1,"59":6,"60":6,"61":1,"62":2,"63":0,"64":2,"65":1,"66":1,"67":0,"68":0,"69":0,"70":0,"71":0,"72":0,"73":0,"74":0,"75":0,"76":0,"77":0,"78":0,"79":0,"80":0,"81":0,"82":0,"83":0},"b":{"1":[2,1,1,1],"2":[1,1,1,1],"3":[1,1],"4":[2,2],"5":[1,1],"6":[1,1],"7":[2,0],"8":[2,1,1,1,1,1],"9":[0,2,0],"10":[1,1],"11":[2,1,1],"12":[1,0],"13":[0,2],"14":[2,0,0,0,0,0,0],"15":[0,3],"16":[3,0],"17":[1,1],"18":[0,1],"19":[1,2,0,2],"20":[1,0],"21":[1,1],"22":[0,0],"23":[0,0],"24":[0,0],"25":[0,0],"26":[0,0],"27":[0,0],"28":[0,0]},"f":{"1":2,"2":2,"3":2,"4":2,"5":2,"6":2,"7":3,"8":3,"9":3,"10":1,"11":6,"12":0},"fnMap":{"1":{"name":"(anonymous_1)","line":26,"loc":{"start":{"line":26,"column":1},"end":{"line":26,"column":13}}},"2":{"name":"(anonymous_2)","line":33,"loc":{"start":{"line":33,"column":5},"end":{"line":33,"column":17}}},"3":{"name":"(anonymous_3)","line":37,"loc":{"start":{"line":37,"column":24},"end":{"line":37,"column":36}}},"4":{"name":"(anonymous_4)","line":69,"loc":{"start":{"line":69,"column":31},"end":{"line":69,"column":48}},"skip":true},"5":{"name":"(anonymous_5)","line":78,"loc":{"start":{"line":78,"column":26},"end":{"line":78,"column":45}},"skip":true},"6":{"name":"(anonymous_6)","line":123,"loc":{"start":{"line":123,"column":33},"end":{"line":123,"column":48}},"skip":true},"7":{"name":"(anonymous_7)","line":125,"loc":{"start":{"line":125,"column":27},"end":{"line":125,"column":39}},"skip":true},"8":{"name":"(anonymous_8)","line":133,"loc":{"start":{"line":133,"column":59},"end":{"line":133,"column":74}},"skip":true},"9":{"name":"(anonymous_9)","line":143,"loc":{"start":{"line":143,"column":45},"end":{"line":143,"column":62}},"skip":true},"10":{"name":"(anonymous_10)","line":144,"loc":{"start":{"line":144,"column":73},"end":{"line":144,"column":92}},"skip":true},"11":{"name":"(anonymous_11)","line":272,"loc":{"start":{"line":272,"column":51},"end":{"line":272,"column":77}},"skip":true},"12":{"name":"(anonymous_12)","line":315,"loc":{"start":{"line":315,"column":32},"end":{"line":315,"column":61}},"skip":true}},"statementMap":{"1":{"start":{"line":26,"column":0},"end":{"line":326,"column":5}},"2":{"start":{"line":28,"column":4},"end":{"line":28,"column":14}},"3":{"start":{"line":33,"column":4},"end":{"line":60,"column":9}},"4":{"start":{"line":35,"column":8},"end":{"line":35,"column":19}},"5":{"start":{"line":37,"column":8},"end":{"line":49,"column":13}},"6":{"start":{"line":38,"column":12},"end":{"line":48,"column":13}},"7":{"start":{"line":39,"column":16},"end":{"line":42,"column":30}},"8":{"start":{"line":44,"column":16},"end":{"line":47,"column":27}},"9":{"start":{"line":51,"column":8},"end":{"line":53,"column":21}},"10":{"start":{"line":55,"column":8},"end":{"line":57,"column":45}},"11":{"start":{"line":59,"column":8},"end":{"line":59,"column":35}},"12":{"start":{"line":61,"column":4},"end":{"line":325,"column":5}},"13":{"start":{"line":69,"column":8},"end":{"line":121,"column":10},"skip":true},"14":{"start":{"line":70,"column":12},"end":{"line":88,"column":13},"skip":true},"15":{"start":{"line":76,"column":16},"end":{"line":87,"column":19},"skip":true},"16":{"start":{"line":79,"column":20},"end":{"line":86,"column":21},"skip":true},"17":{"start":{"line":82,"column":24},"end":{"line":82,"column":43},"skip":true},"18":{"start":{"line":83,"column":24},"end":{"line":83,"column":30},"skip":true},"19":{"start":{"line":85,"column":24},"end":{"line":85,"column":49},"skip":true},"20":{"start":{"line":89,"column":12},"end":{"line":107,"column":13},"skip":true},"21":{"start":{"line":92,"column":16},"end":{"line":102,"column":17},"skip":true},"22":{"start":{"line":93,"column":20},"end":{"line":93,"column":86},"skip":true},"23":{"start":{"line":94,"column":20},"end":{"line":95,"column":45},"skip":true},"24":{"start":{"line":96,"column":20},"end":{"line":96,"column":42},"skip":true},"25":{"start":{"line":97,"column":20},"end":{"line":97,"column":48},"skip":true},"26":{"start":{"line":100,"column":20},"end":{"line":100,"column":85},"skip":true},"27":{"start":{"line":101,"column":20},"end":{"line":101,"column":96},"skip":true},"28":{"start":{"line":103,"column":16},"end":{"line":103,"column":22},"skip":true},"29":{"start":{"line":106,"column":16},"end":{"line":106,"column":22},"skip":true},"30":{"start":{"line":108,"column":12},"end":{"line":120,"column":13},"skip":true},"31":{"start":{"line":114,"column":16},"end":{"line":119,"column":17},"skip":true},"32":{"start":{"line":116,"column":20},"end":{"line":116,"column":78},"skip":true},"33":{"start":{"line":118,"column":20},"end":{"line":118,"column":47},"skip":true},"34":{"start":{"line":123,"column":8},"end":{"line":141,"column":11},"skip":true},"35":{"start":{"line":124,"column":12},"end":{"line":124,"column":54},"skip":true},"36":{"start":{"line":125,"column":12},"end":{"line":140,"column":14},"skip":true},"37":{"start":{"line":126,"column":16},"end":{"line":126,"column":28},"skip":true},"38":{"start":{"line":127,"column":16},"end":{"line":127,"column":69},"skip":true},"39":{"start":{"line":128,"column":16},"end":{"line":128,"column":75},"skip":true},"40":{"start":{"line":129,"column":16},"end":{"line":131,"column":17},"skip":true},"41":{"start":{"line":130,"column":20},"end":{"line":130,"column":27},"skip":true},"42":{"start":{"line":133,"column":16},"end":{"line":137,"column":36},"skip":true},"43":{"start":{"line":134,"column":20},"end":{"line":136,"column":55},"skip":true},"44":{"start":{"line":139,"column":16},"end":{"line":139,"column":57},"skip":true},"45":{"start":{"line":143,"column":8},"end":{"line":147,"column":11},"skip":true},"46":{"start":{"line":144,"column":12},"end":{"line":146,"column":15},"skip":true},"47":{"start":{"line":145,"column":16},"end":{"line":145,"column":70},"skip":true},"48":{"start":{"line":149,"column":8},"end":{"line":149,"column":31},"skip":true},"49":{"start":{"line":150,"column":8},"end":{"line":150,"column":14},"skip":true},"50":{"start":{"line":158,"column":8},"end":{"line":158,"column":31},"skip":true},"51":{"start":{"line":160,"column":8},"end":{"line":160,"column":33},"skip":true},"52":{"start":{"line":161,"column":8},"end":{"line":161,"column":37},"skip":true},"53":{"start":{"line":162,"column":8},"end":{"line":162,"column":35},"skip":true},"54":{"start":{"line":164,"column":8},"end":{"line":164,"column":50},"skip":true},"55":{"start":{"line":166,"column":8},"end":{"line":256,"column":2},"skip":true},"56":{"start":{"line":258,"column":8},"end":{"line":286,"column":9},"skip":true},"57":{"start":{"line":259,"column":12},"end":{"line":269,"column":14},"skip":true},"58":{"start":{"line":271,"column":12},"end":{"line":285,"column":19},"skip":true},"59":{"start":{"line":274,"column":20},"end":{"line":274,"column":35},"skip":true},"60":{"start":{"line":275,"column":20},"end":{"line":284,"column":21},"skip":true},"61":{"start":{"line":277,"column":24},"end":{"line":277,"column":64},"skip":true},"62":{"start":{"line":279,"column":24},"end":{"line":279,"column":40},"skip":true},"63":{"start":{"line":281,"column":24},"end":{"line":281,"column":40},"skip":true},"64":{"start":{"line":283,"column":24},"end":{"line":283,"column":39},"skip":true},"65":{"start":{"line":288,"column":8},"end":{"line":290,"column":9},"skip":true},"66":{"start":{"line":289,"column":12},"end":{"line":289,"column":18},"skip":true},"67":{"start":{"line":291,"column":8},"end":{"line":293,"column":54},"skip":true},"68":{"start":{"line":296,"column":8},"end":{"line":301,"column":37},"skip":true},"69":{"start":{"line":303,"column":8},"end":{"line":303,"column":82},"skip":true},"70":{"start":{"line":306,"column":8},"end":{"line":308,"column":9},"skip":true},"71":{"start":{"line":307,"column":12},"end":{"line":307,"column":82},"skip":true},"72":{"start":{"line":310,"column":8},"end":{"line":312,"column":9},"skip":true},"73":{"start":{"line":311,"column":12},"end":{"line":311,"column":18},"skip":true},"74":{"start":{"line":313,"column":8},"end":{"line":313,"column":54},"skip":true},"75":{"start":{"line":314,"column":8},"end":{"line":314,"column":69},"skip":true},"76":{"start":{"line":315,"column":8},"end":{"line":323,"column":36},"skip":true},"77":{"start":{"line":316,"column":12},"end":{"line":316,"column":61},"skip":true},"78":{"start":{"line":317,"column":12},"end":{"line":320,"column":13},"skip":true},"79":{"start":{"line":318,"column":16},"end":{"line":318,"column":75},"skip":true},"80":{"start":{"line":319,"column":16},"end":{"line":319,"column":23},"skip":true},"81":{"start":{"line":321,"column":12},"end":{"line":321,"column":38},"skip":true},"82":{"start":{"line":322,"column":12},"end":{"line":322,"column":27},"skip":true},"83":{"start":{"line":324,"column":8},"end":{"line":324,"column":14},"skip":true}},"branchMap":{"1":{"line":39,"type":"binary-expr","locations":[{"start":{"line":39,"column":23},"end":{"line":39,"column":62}},{"start":{"line":40,"column":20},"end":{"line":40,"column":70}},{"start":{"line":41,"column":20},"end":{"line":41,"column":71}},{"start":{"line":42,"column":20},"end":{"line":42,"column":29}}]},"2":{"line":44,"type":"binary-expr","locations":[{"start":{"line":44,"column":23},"end":{"line":44,"column":37}},{"start":{"line":45,"column":20},"end":{"line":45,"column":61}},{"start":{"line":46,"column":20},"end":{"line":46,"column":70}},{"start":{"line":47,"column":20},"end":{"line":47,"column":26}}]},"3":{"line":51,"type":"cond-expr","locations":[{"start":{"line":52,"column":14},"end":{"line":52,"column":20}},{"start":{"line":53,"column":14},"end":{"line":53,"column":20}}]},"4":{"line":55,"type":"binary-expr","locations":[{"start":{"line":55,"column":16},"end":{"line":55,"column":44}},{"start":{"line":55,"column":49},"end":{"line":57,"column":43}}]},"5":{"line":55,"type":"cond-expr","locations":[{"start":{"line":56,"column":14},"end":{"line":56,"column":54}},{"start":{"line":57,"column":14},"end":{"line":57,"column":43}}]},"6":{"line":61,"type":"switch","locations":[{"start":{"line":68,"column":4},"end":{"line":150,"column":14},"skip":true},{"start":{"line":156,"column":4},"end":{"line":324,"column":14},"skip":true}]},"7":{"line":70,"type":"if","locations":[{"start":{"line":70,"column":12},"end":{"line":70,"column":12},"skip":true},{"start":{"line":70,"column":12},"end":{"line":70,"column":12},"skip":true}]},"8":{"line":70,"type":"binary-expr","locations":[{"start":{"line":70,"column":16},"end":{"line":70,"column":22},"skip":true},{"start":{"line":70,"column":27},"end":{"line":70,"column":32},"skip":true},{"start":{"line":71,"column":20},"end":{"line":71,"column":39},"skip":true},{"start":{"line":72,"column":20},"end":{"line":72,"column":49},"skip":true},{"start":{"line":73,"column":20},"end":{"line":73,"column":58},"skip":true},{"start":{"line":74,"column":20},"end":{"line":74,"column":69},"skip":true}]},"9":{"line":79,"type":"switch","locations":[{"start":{"line":80,"column":20},"end":{"line":80,"column":33},"skip":true},{"start":{"line":81,"column":20},"end":{"line":83,"column":30},"skip":true},{"start":{"line":84,"column":20},"end":{"line":85,"column":49},"skip":true}]},"10":{"line":89,"type":"switch","locations":[{"start":{"line":90,"column":12},"end":{"line":103,"column":22},"skip":true},{"start":{"line":105,"column":12},"end":{"line":106,"column":22},"skip":true}]},"11":{"line":89,"type":"binary-expr","locations":[{"start":{"line":89,"column":20},"end":{"line":89,"column":25},"skip":true},{"start":{"line":89,"column":29},"end":{"line":89,"column":48},"skip":true},{"start":{"line":89,"column":52},"end":{"line":89,"column":74},"skip":true}]},"12":{"line":92,"type":"if","locations":[{"start":{"line":92,"column":16},"end":{"line":92,"column":16},"skip":true},{"start":{"line":92,"column":16},"end":{"line":92,"column":16},"skip":true}]},"13":{"line":108,"type":"if","locations":[{"start":{"line":108,"column":12},"end":{"line":108,"column":12},"skip":true},{"start":{"line":108,"column":12},"end":{"line":108,"column":12},"skip":true}]},"14":{"line":108,"type":"binary-expr","locations":[{"start":{"line":108,"column":16},"end":{"line":108,"column":61},"skip":true},{"start":{"line":108,"column":66},"end":{"line":108,"column":72},"skip":true},{"start":{"line":108,"column":77},"end":{"line":108,"column":82},"skip":true},{"start":{"line":109,"column":20},"end":{"line":109,"column":39},"skip":true},{"start":{"line":110,"column":20},"end":{"line":110,"column":49},"skip":true},{"start":{"line":111,"column":20},"end":{"line":111,"column":58},"skip":true},{"start":{"line":112,"column":20},"end":{"line":112,"column":68},"skip":true}]},"15":{"line":129,"type":"if","locations":[{"start":{"line":129,"column":16},"end":{"line":129,"column":16},"skip":true},{"start":{"line":129,"column":16},"end":{"line":129,"column":16},"skip":true}]},"16":{"line":134,"type":"cond-expr","locations":[{"start":{"line":135,"column":26},"end":{"line":135,"column":29},"skip":true},{"start":{"line":136,"column":26},"end":{"line":136,"column":54},"skip":true}]},"17":{"line":164,"type":"binary-expr","locations":[{"start":{"line":164,"column":27},"end":{"line":164,"column":43},"skip":true},{"start":{"line":164,"column":47},"end":{"line":164,"column":49},"skip":true}]},"18":{"line":258,"type":"if","locations":[{"start":{"line":258,"column":8},"end":{"line":258,"column":8},"skip":true},{"start":{"line":258,"column":8},"end":{"line":258,"column":8},"skip":true}]},"19":{"line":275,"type":"switch","locations":[{"start":{"line":276,"column":20},"end":{"line":277,"column":64},"skip":true},{"start":{"line":278,"column":20},"end":{"line":279,"column":40},"skip":true},{"start":{"line":280,"column":20},"end":{"line":281,"column":40},"skip":true},{"start":{"line":282,"column":20},"end":{"line":283,"column":39},"skip":true}]},"20":{"line":288,"type":"if","locations":[{"start":{"line":288,"column":8},"end":{"line":288,"column":8},"skip":true},{"start":{"line":288,"column":8},"end":{"line":288,"column":8},"skip":true}]},"21":{"line":288,"type":"binary-expr","locations":[{"start":{"line":288,"column":12},"end":{"line":288,"column":40},"skip":true},{"start":{"line":288,"column":44},"end":{"line":288,"column":67},"skip":true}]},"22":{"line":292,"type":"binary-expr","locations":[{"start":{"line":292,"column":12},"end":{"line":292,"column":50},"skip":true},{"start":{"line":293,"column":12},"end":{"line":293,"column":53},"skip":true}]},"23":{"line":297,"type":"binary-expr","locations":[{"start":{"line":297,"column":12},"end":{"line":297,"column":68},"skip":true},{"start":{"line":298,"column":12},"end":{"line":301,"column":36},"skip":true}]},"24":{"line":303,"type":"binary-expr","locations":[{"start":{"line":303,"column":43},"end":{"line":303,"column":75},"skip":true},{"start":{"line":303,"column":79},"end":{"line":303,"column":81},"skip":true}]},"25":{"line":306,"type":"if","locations":[{"start":{"line":306,"column":8},"end":{"line":306,"column":8},"skip":true},{"start":{"line":306,"column":8},"end":{"line":306,"column":8},"skip":true}]},"26":{"line":310,"type":"if","locations":[{"start":{"line":310,"column":8},"end":{"line":310,"column":8},"skip":true},{"start":{"line":310,"column":8},"end":{"line":310,"column":8},"skip":true}]},"27":{"line":313,"type":"binary-expr","locations":[{"start":{"line":313,"column":27},"end":{"line":313,"column":43},"skip":true},{"start":{"line":313,"column":47},"end":{"line":313,"column":53},"skip":true}]},"28":{"line":317,"type":"if","locations":[{"start":{"line":317,"column":12},"end":{"line":317,"column":12},"skip":true},{"start":{"line":317,"column":12},"end":{"line":317,"column":12},"skip":true}]}},"code":["/*","example.js","","quickstart example","","instruction","    1. save this script as example.js","    2. run the shell command:","        $ npm install npmtest-backstopjs && PORT=8081 node example.js","    3. play with the browser-demo on http://127.0.0.1:8081","*/","","","","/* istanbul instrument in package npmtest_backstopjs */","/*jslint","    bitwise: true,","    browser: true,","    maxerr: 8,","    maxlen: 96,","    node: true,","    nomen: true,","    regexp: true,","    stupid: true","*/","(function () {","    'use strict';","    var local;","","","","    // run shared js-env code - pre-init","    (function () {","        // init local","        local = {};","        // init modeJs","        local.modeJs = (function () {","            try {","                return typeof navigator.userAgent === 'string' &&","                    typeof document.querySelector('body') === 'object' &&","                    typeof XMLHttpRequest.prototype.open === 'function' &&","                    'browser';","            } catch (errorCaughtBrowser) {","                return module.exports &&","                    typeof process.versions.node === 'string' &&","                    typeof require('http').createServer === 'function' &&","                    'node';","            }","        }());","        // init global","        local.global = local.modeJs === 'browser'","            ? window","            : global;","        // init utility2_rollup","        local = local.global.utility2_rollup || (local.modeJs === 'browser'","            ? local.global.utility2_npmtest_backstopjs","            : global.utility2_moduleExports);","        // export local","        local.global.local = local;","    }());","    switch (local.modeJs) {","","","","    // post-init","    // run browser js-env code - post-init","    /* istanbul ignore next */","    case 'browser':","        local.testRunBrowser = function (event) {","            if (!event || (event &&","                    event.currentTarget &&","                    event.currentTarget.className &&","                    event.currentTarget.className.includes &&","                    event.currentTarget.className.includes('onreset'))) {","                // reset output","                Array.from(","                    document.querySelectorAll('body > .resettable')","                ).forEach(function (element) {","                    switch (element.tagName) {","                    case 'INPUT':","                    case 'TEXTAREA':","                        element.value = '';","                        break;","                    default:","                        element.textContent = '';","                    }","                });","            }","            switch (event && event.currentTarget && event.currentTarget.id) {","            case 'testRunButton1':","                // show tests","                if (document.querySelector('#testReportDiv1').style.display === 'none') {","                    document.querySelector('#testReportDiv1').style.display = 'block';","                    document.querySelector('#testRunButton1').textContent =","                        'hide internal test';","                    local.modeTest = true;","                    local.testRunDefault(local);","                // hide tests","                } else {","                    document.querySelector('#testReportDiv1').style.display = 'none';","                    document.querySelector('#testRunButton1').textContent = 'run internal test';","                }","                break;","            // custom-case","            default:","                break;","            }","            if (document.querySelector('#inputTextareaEval1') && (!event || (event &&","                    event.currentTarget &&","                    event.currentTarget.className &&","                    event.currentTarget.className.includes &&","                    event.currentTarget.className.includes('oneval')))) {","                // try to eval input-code","                try {","                    /*jslint evil: true*/","                    eval(document.querySelector('#inputTextareaEval1').value);","                } catch (errorCaught) {","                    console.error(errorCaught);","                }","            }","        };","        // log stderr and stdout to #outputTextareaStdout1","        ['error', 'log'].forEach(function (key) {","            console[key + '_original'] = console[key];","            console[key] = function () {","                var element;","                console[key + '_original'].apply(console, arguments);","                element = document.querySelector('#outputTextareaStdout1');","                if (!element) {","                    return;","                }","                // append text to #outputTextareaStdout1","                element.value += Array.from(arguments).map(function (arg) {","                    return typeof arg === 'string'","                        ? arg","                        : JSON.stringify(arg, null, 4);","                }).join(' ') + '\\n';","                // scroll textarea to bottom","                element.scrollTop = element.scrollHeight;","            };","        });","        // init event-handling","        ['change', 'click', 'keyup'].forEach(function (event) {","            Array.from(document.querySelectorAll('.on' + event)).forEach(function (element) {","                element.addEventListener(event, local.testRunBrowser);","            });","        });","        // run tests","        local.testRunBrowser();","        break;","","","","    // run node js-env code - post-init","    /* istanbul ignore next */","    case 'node':","        // export local","        module.exports = local;","        // require modules","        local.fs = require('fs');","        local.http = require('http');","        local.url = require('url');","        // init assets","        local.assetsDict = local.assetsDict || {};","        /* jslint-ignore-begin */","        local.assetsDict['/assets.index.template.html'] = '\\","<!doctype html>\\n\\","<html lang=\"en\">\\n\\","<head>\\n\\","<meta charset=\"UTF-8\">\\n\\","<meta name=\"viewport\" content=\"width=device-width, initial-scale=1\">\\n\\","<title>{{env.npm_package_name}} (v{{env.npm_package_version}})</title>\\n\\","<style>\\n\\","/*csslint\\n\\","    box-sizing: false,\\n\\","    universal-selector: false\\n\\","*/\\n\\","* {\\n\\","    box-sizing: border-box;\\n\\","}\\n\\","body {\\n\\","    background: #dde;\\n\\","    font-family: Arial, Helvetica, sans-serif;\\n\\","    margin: 2rem;\\n\\","}\\n\\","body > * {\\n\\","    margin-bottom: 1rem;\\n\\","}\\n\\",".utility2FooterDiv {\\n\\","    margin-top: 20px;\\n\\","    text-align: center;\\n\\","}\\n\\","</style>\\n\\","<style>\\n\\","/*csslint\\n\\","*/\\n\\","textarea {\\n\\","    font-family: monospace;\\n\\","    height: 10rem;\\n\\","    width: 100%;\\n\\","}\\n\\","textarea[readonly] {\\n\\","    background: #ddd;\\n\\","}\\n\\","</style>\\n\\","</head>\\n\\","<body>\\n\\","<!-- utility2-comment\\n\\","<div id=\"ajaxProgressDiv1\" style=\"background: #d00; height: 2px; left: 0; margin: 0; padding: 0; position: fixed; top: 0; transition: background 0.5s, width 1.5s; width: 25%;\"></div>\\n\\","utility2-comment -->\\n\\","<h1>\\n\\","<!-- utility2-comment\\n\\","    <a\\n\\","        {{#if env.npm_package_homepage}}\\n\\","        href=\"{{env.npm_package_homepage}}\"\\n\\","        {{/if env.npm_package_homepage}}\\n\\","        target=\"_blank\"\\n\\","    >\\n\\","utility2-comment -->\\n\\","        {{env.npm_package_name}} (v{{env.npm_package_version}})\\n\\","<!-- utility2-comment\\n\\","    </a>\\n\\","utility2-comment -->\\n\\","</h1>\\n\\","<h3>{{env.npm_package_description}}</h3>\\n\\","<!-- utility2-comment\\n\\","<h4><a download href=\"assets.app.js\">download standalone app</a></h4>\\n\\","<button class=\"onclick onreset\" id=\"testRunButton1\">run internal test</button><br>\\n\\","<div id=\"testReportDiv1\" style=\"display: none;\"></div>\\n\\","utility2-comment -->\\n\\","\\n\\","\\n\\","\\n\\","<label>stderr and stdout</label>\\n\\","<textarea class=\"resettable\" id=\"outputTextareaStdout1\" readonly></textarea>\\n\\","<!-- utility2-comment\\n\\","{{#if isRollup}}\\n\\","<script src=\"assets.app.js\"></script>\\n\\","{{#unless isRollup}}\\n\\","utility2-comment -->\\n\\","<script src=\"assets.utility2.rollup.js\"></script>\\n\\","<script src=\"jsonp.utility2._stateInit?callback=window.utility2._stateInit\"></script>\\n\\","<script src=\"assets.npmtest_backstopjs.rollup.js\"></script>\\n\\","<script src=\"assets.example.js\"></script>\\n\\","<script src=\"assets.test.js\"></script>\\n\\","<!-- utility2-comment\\n\\","{{/if isRollup}}\\n\\","utility2-comment -->\\n\\","<div class=\"utility2FooterDiv\">\\n\\","    [ this app was created with\\n\\","    <a href=\"https://github.com/kaizhu256/node-utility2\" target=\"_blank\">utility2</a>\\n\\","    ]\\n\\","</div>\\n\\","</body>\\n\\","</html>\\n\\","';","        /* jslint-ignore-end */","        if (local.templateRender) {","            local.assetsDict['/'] = local.templateRender(","                local.assetsDict['/assets.index.template.html'],","                {","                    env: local.objectSetDefault(local.env, {","                        npm_package_description: 'the greatest app in the world!',","                        npm_package_name: 'my-app',","                        npm_package_nameAlias: 'my_app',","                        npm_package_version: '0.0.1'","                    })","                }","            );","        } else {","            local.assetsDict['/'] = local.assetsDict['/assets.index.template.html']","                .replace((/\\{\\{env\\.(\\w+?)\\}\\}/g), function (match0, match1) {","                    // jslint-hack","                    String(match0);","                    switch (match1) {","                    case 'npm_package_description':","                        return 'the greatest app in the world!';","                    case 'npm_package_name':","                        return 'my-app';","                    case 'npm_package_nameAlias':","                        return 'my_app';","                    case 'npm_package_version':","                        return '0.0.1';","                    }","                });","        }","        // run the cli","        if (local.global.utility2_rollup || module !== require.main) {","            break;","        }","        local.assetsDict['/assets.example.js'] =","            local.assetsDict['/assets.example.js'] ||","            local.fs.readFileSync(__filename, 'utf8');","        // bug-workaround - long $npm_package_buildCustomOrg","        /* jslint-ignore-begin */","        local.assetsDict['/assets.npmtest_backstopjs.rollup.js'] =","            local.assetsDict['/assets.npmtest_backstopjs.rollup.js'] ||","            local.fs.readFileSync(","                local.npmtest_backstopjs.__dirname + '/lib.npmtest_backstopjs.js',","                'utf8'","            ).replace((/^#!/), '//');","        /* jslint-ignore-end */","        local.assetsDict['/favicon.ico'] = local.assetsDict['/favicon.ico'] || '';","        // if $npm_config_timeout_exit exists,","        // then exit this process after $npm_config_timeout_exit ms","        if (Number(process.env.npm_config_timeout_exit)) {","            setTimeout(process.exit, Number(process.env.npm_config_timeout_exit));","        }","        // start server","        if (local.global.utility2_serverHttp1) {","            break;","        }","        process.env.PORT = process.env.PORT || '8081';","        console.error('server starting on port ' + process.env.PORT);","        local.http.createServer(function (request, response) {","            request.urlParsed = local.url.parse(request.url);","            if (local.assetsDict[request.urlParsed.pathname] !== undefined) {","                response.end(local.assetsDict[request.urlParsed.pathname]);","                return;","            }","            response.statusCode = 404;","            response.end();","        }).listen(process.env.PORT);","        break;","    }","}());",""],"l":{"26":2,"28":2,"33":2,"35":2,"37":2,"38":2,"39":2,"44":1,"51":2,"55":2,"59":2,"61":2,"69":1,"70":2,"76":2,"79":2,"82":2,"83":2,"85":1,"89":2,"92":1,"93":1,"94":1,"96":1,"97":1,"100":1,"101":1,"103":1,"106":1,"108":2,"114":1,"116":1,"118":1,"123":1,"124":2,"125":2,"126":3,"127":3,"128":3,"129":3,"130":1,"133":3,"134":3,"139":3,"143":1,"144":3,"145":1,"149":1,"150":1,"158":1,"160":1,"161":1,"162":1,"164":1,"166":1,"258":1,"259":1,"271":1,"274":6,"275":6,"277":1,"279":2,"281":1,"283":2,"288":1,"289":1,"291":1,"296":1,"303":1,"306":1,"307":1,"310":1,"311":1,"313":1,"314":1,"315":1,"316":1,"317":1,"318":1,"319":1,"321":1,"322":1,"324":1}},"/home/travis/build/npmtest/node-npmtest-backstopjs/node_modules/backstopjs/core/runner.js":{"path":"/home/travis/build/npmtest/node-npmtest-backstopjs/node_modules/backstopjs/core/runner.js","s":{"1":1,"2":1,"3":1,"4":0,"5":0},"b":{},"f":{"1":0},"fnMap":{"1":{"name":"(anonymous_1)","line":4,"loc":{"start":{"line":4,"column":17},"end":{"line":4,"column":45}}}},"statementMap":{"1":{"start":{"line":1,"column":0},"end":{"line":1,"column":43}},"2":{"start":{"line":2,"column":0},"end":{"line":2,"column":46}},"3":{"start":{"line":4,"column":0},"end":{"line":7,"column":2}},"4":{"start":{"line":5,"column":2},"end":{"line":5,"column":44}},"5":{"start":{"line":6,"column":2},"end":{"line":6,"column":41}}},"branchMap":{},"code":["var executeCommand = require('./command/');","var makeConfig = require('./util/makeConfig');","","module.exports = function (command, options) {","  var config = makeConfig(command, options);","  return executeCommand(command, config);","};",""],"l":{"1":1,"2":1,"4":1,"5":0,"6":0}},"/home/travis/build/npmtest/node-npmtest-backstopjs/node_modules/backstopjs/core/command/index.js":{"path":"/home/travis/build/npmtest/node-npmtest-backstopjs/node_modules/backstopjs/core/command/index.js","s":{"1":1,"2":1,"3":1,"4":1,"5":1,"6":11,"7":11,"8":1,"9":6,"10":6,"11":0,"12":0,"13":0,"14":0,"15":0,"16":0,"17":0,"18":0,"19":0,"20":0,"21":0,"22":1,"23":5,"24":5,"25":1,"26":0,"27":0,"28":0,"29":0,"30":0,"31":1},"b":{"1":[0,0],"2":[0,0],"3":[0,0],"4":[0,0]},"f":{"1":11,"2":6,"3":6,"4":0,"5":0,"6":0,"7":5,"8":5,"9":0},"fnMap":{"1":{"name":"toObjectReducer","line":33,"loc":{"start":{"line":33,"column":0},"end":{"line":33,"column":43}}},"2":{"name":"requireCommand","line":39,"loc":{"start":{"line":39,"column":7},"end":{"line":39,"column":45}}},"3":{"name":"definitionToExecution","line":45,"loc":{"start":{"line":45,"column":7},"end":{"line":45,"column":48}}},"4":{"name":"execute","line":48,"loc":{"start":{"line":48,"column":15},"end":{"line":48,"column":41}}},"5":{"name":"(anonymous_5)","line":61,"loc":{"start":{"line":61,"column":22},"end":{"line":61,"column":39}}},"6":{"name":"(anonymous_6)","line":66,"loc":{"start":{"line":66,"column":28},"end":{"line":66,"column":46}}},"7":{"name":"commandIsDefined","line":76,"loc":{"start":{"line":76,"column":10},"end":{"line":76,"column":50}}},"8":{"name":"(anonymous_8)","line":79,"loc":{"start":{"line":79,"column":7},"end":{"line":79,"column":30}}},"9":{"name":"execute","line":87,"loc":{"start":{"line":87,"column":0},"end":{"line":87,"column":39}}}},"statementMap":{"1":{"start":{"line":1,"column":0},"end":{"line":1,"column":27}},"2":{"start":{"line":2,"column":0},"end":{"line":2,"column":50}},"3":{"start":{"line":14,"column":0},"end":{"line":21,"column":2}},"4":{"start":{"line":24,"column":0},"end":{"line":30,"column":2}},"5":{"start":{"line":33,"column":0},"end":{"line":36,"column":1}},"6":{"start":{"line":34,"column":2},"end":{"line":34,"column":41}},"7":{"start":{"line":35,"column":2},"end":{"line":35,"column":16}},"8":{"start":{"line":38,"column":0},"end":{"line":73,"column":31}},"9":{"start":{"line":40,"column":4},"end":{"line":43,"column":6}},"10":{"start":{"line":46,"column":4},"end":{"line":71,"column":6}},"11":{"start":{"line":49,"column":8},"end":{"line":49,"column":65}},"12":{"start":{"line":51,"column":8},"end":{"line":51,"column":64}},"13":{"start":{"line":54,"column":8},"end":{"line":57,"column":9}},"14":{"start":{"line":55,"column":10},"end":{"line":55,"column":59}},"15":{"start":{"line":56,"column":10},"end":{"line":56,"column":38}},"16":{"start":{"line":61,"column":8},"end":{"line":64,"column":11}},"17":{"start":{"line":62,"column":10},"end":{"line":62,"column":77}},"18":{"start":{"line":63,"column":10},"end":{"line":63,"column":30}},"19":{"start":{"line":66,"column":8},"end":{"line":69,"column":11}},"20":{"start":{"line":67,"column":10},"end":{"line":67,"column":80}},"21":{"start":{"line":68,"column":10},"end":{"line":68,"column":24}},"22":{"start":{"line":75,"column":0},"end":{"line":85,"column":31}},"23":{"start":{"line":77,"column":4},"end":{"line":77,"column":48}},"24":{"start":{"line":80,"column":4},"end":{"line":83,"column":6}},"25":{"start":{"line":87,"column":0},"end":{"line":97,"column":1}},"26":{"start":{"line":88,"column":2},"end":{"line":94,"column":3}},"27":{"start":{"line":89,"column":4},"end":{"line":93,"column":5}},"28":{"start":{"line":90,"column":6},"end":{"line":90,"column":45}},"29":{"start":{"line":92,"column":6},"end":{"line":92,"column":84}},"30":{"start":{"line":96,"column":2},"end":{"line":96,"column":39}},"31":{"start":{"line":99,"column":0},"end":{"line":99,"column":25}}},"branchMap":{"1":{"line":54,"type":"if","locations":[{"start":{"line":54,"column":8},"end":{"line":54,"column":8}},{"start":{"line":54,"column":8},"end":{"line":54,"column":8}}]},"2":{"line":88,"type":"if","locations":[{"start":{"line":88,"column":2},"end":{"line":88,"column":2}},{"start":{"line":88,"column":2},"end":{"line":88,"column":2}}]},"3":{"line":89,"type":"if","locations":[{"start":{"line":89,"column":4},"end":{"line":89,"column":4}},{"start":{"line":89,"column":4},"end":{"line":89,"column":4}}]},"4":{"line":89,"type":"binary-expr","locations":[{"start":{"line":89,"column":8},"end":{"line":89,"column":37}},{"start":{"line":89,"column":41},"end":{"line":89,"column":90}}]}},"code":["var path = require('path');","var logger = require('../util/logger')('COMMAND');","","/*"," * Each file included in this folder (except `index.js`) is a command and must export the following object"," * {"," *   execute: (...args) => void  | command itself"," * }"," *"," * The execute function should not have much logic"," */","","/* Each and every command defined, including commands used in before/after */","var commandNames = [","  'genConfig',","  'openReport',","  'reference',","  'report',","  'test',","  'approve'","];","","/* Commands that are only exposed to higher levels */","var exposedCommandNames = [","  'genConfig',","  'reference',","  'test',","  'openReport',","  'approve'","];","","/* Used to convert an array of objects {name, execute} to a unique object {[name]: execute} */","function toObjectReducer (object, command) {","  object[command.name] = command.execute;","  return object;","}","","var commands = commandNames","  .map(function requireCommand (commandName) {","    return {","      name: commandName,","      commandDefinition: require(path.join(__dirname, commandName))","    };","  })","  .map(function definitionToExecution (command) {","    return {","      name: command.name,","      execute: function execute (config) {","        logger.info('Executing core for `' + command.name + '`');","","        var promise = command.commandDefinition.execute(config);","","        // If the command didn't return a promise, assume it resolved already","        if (!promise) {","          logger.error('Resolved already:' + command.name);","          promise = Promise.resolve();","        }","","        // Do the catch separately or the main runner","        // won't be able to catch it a second time","        promise.catch(function (error) {","          logger.error('Command `' + command.name + '` ended with an error');","          logger.error(error);","        });","","        return promise.then(function (result) {","          logger.success('Command `' + command.name + '` sucessfully executed');","          return result;","        });","      }","    };","  })","  .reduce(toObjectReducer, {});","","var exposedCommands = exposedCommandNames","  .filter(function commandIsDefined (commandName) {","    return commands.hasOwnProperty(commandName);","  })","  .map(function (commandName) {","    return {","      name: commandName,","      execute: commands[commandName]","    };","  })","  .reduce(toObjectReducer, {});","","function execute (commandName, config) {","  if (!exposedCommands.hasOwnProperty(commandName)) {","    if (commandName.charAt(0) === '_' && commands.hasOwnProperty(commandName.substring(1))) {","      commandName = commandName.substring(1);","    } else {","      throw new Error('The command `' + commandName + '` is not exposed publicly.');","    }","  }","","  return commands[commandName](config);","}","","module.exports = execute;",""],"l":{"1":1,"2":1,"14":1,"24":1,"33":1,"34":11,"35":11,"38":1,"40":6,"46":6,"49":0,"51":0,"54":0,"55":0,"56":0,"61":0,"62":0,"63":0,"66":0,"67":0,"68":0,"75":1,"77":5,"80":5,"87":1,"88":0,"89":0,"90":0,"92":0,"96":0,"99":1}},"/home/travis/build/npmtest/node-npmtest-backstopjs/node_modules/backstopjs/core/util/logger.js":{"path":"/home/travis/build/npmtest/node-npmtest-backstopjs/node_modules/backstopjs/core/util/logger.js","s":{"1":1,"2":1,"3":1,"4":0,"5":1,"6":1,"7":1,"8":1,"9":0,"10":0,"11":0,"12":0,"13":0,"14":0,"15":0,"16":0,"17":0,"18":0,"19":1,"20":0,"21":0,"22":0,"23":0,"24":0,"25":0,"26":0,"27":0,"28":0,"29":1,"30":7},"b":{"1":[0,0],"2":[0,0],"3":[0,0],"4":[0,0]},"f":{"1":0,"2":0,"3":0,"4":0,"5":7},"fnMap":{"1":{"name":"identity","line":4,"loc":{"start":{"line":4,"column":0},"end":{"line":4,"column":27}}},"2":{"name":"paddedString","line":26,"loc":{"start":{"line":26,"column":0},"end":{"line":26,"column":39}}},"3":{"name":"addPadding","line":40,"loc":{"start":{"line":40,"column":9},"end":{"line":40,"column":38}}},"4":{"name":"message","line":48,"loc":{"start":{"line":48,"column":0},"end":{"line":48,"column":41}}},"5":{"name":"(anonymous_5)","line":66,"loc":{"start":{"line":66,"column":17},"end":{"line":66,"column":36}}}},"statementMap":{"1":{"start":{"line":1,"column":0},"end":{"line":1,"column":29}},"2":{"start":{"line":2,"column":0},"end":{"line":2,"column":41}},"3":{"start":{"line":4,"column":0},"end":{"line":4,"column":45}},"4":{"start":{"line":4,"column":29},"end":{"line":4,"column":43}},"5":{"start":{"line":6,"column":0},"end":{"line":13,"column":2}},"6":{"start":{"line":15,"column":0},"end":{"line":22,"column":2}},"7":{"start":{"line":24,"column":0},"end":{"line":24,"column":21}},"8":{"start":{"line":26,"column":0},"end":{"line":46,"column":1}},"9":{"start":{"line":27,"column":2},"end":{"line":27,"column":39}},"10":{"start":{"line":29,"column":2},"end":{"line":31,"column":3}},"11":{"start":{"line":30,"column":4},"end":{"line":30,"column":26}},"12":{"start":{"line":33,"column":2},"end":{"line":35,"column":3}},"13":{"start":{"line":34,"column":4},"end":{"line":34,"column":18}},"14":{"start":{"line":37,"column":2},"end":{"line":37,"column":33}},"15":{"start":{"line":38,"column":2},"end":{"line":42,"column":7}},"16":{"start":{"line":41,"column":6},"end":{"line":41,"column":30}},"17":{"start":{"line":43,"column":2},"end":{"line":43,"column":32}},"18":{"start":{"line":45,"column":2},"end":{"line":45,"column":32}},"19":{"start":{"line":48,"column":0},"end":{"line":64,"column":1}},"20":{"start":{"line":49,"column":2},"end":{"line":52,"column":3}},"21":{"start":{"line":50,"column":4},"end":{"line":50,"column":18}},"22":{"start":{"line":51,"column":4},"end":{"line":51,"column":86}},"23":{"start":{"line":54,"column":2},"end":{"line":61,"column":3}},"24":{"start":{"line":55,"column":4},"end":{"line":55,"column":27}},"25":{"start":{"line":56,"column":4},"end":{"line":58,"column":5}},"26":{"start":{"line":57,"column":6},"end":{"line":57,"column":37}},"27":{"start":{"line":60,"column":4},"end":{"line":60,"column":34}},"28":{"start":{"line":63,"column":2},"end":{"line":63,"column":116}},"29":{"start":{"line":66,"column":0},"end":{"line":75,"column":2}},"30":{"start":{"line":67,"column":2},"end":{"line":74,"column":4}}},"branchMap":{"1":{"line":29,"type":"if","locations":[{"start":{"line":29,"column":2},"end":{"line":29,"column":2}},{"start":{"line":29,"column":2},"end":{"line":29,"column":2}}]},"2":{"line":33,"type":"if","locations":[{"start":{"line":33,"column":2},"end":{"line":33,"column":2}},{"start":{"line":33,"column":2},"end":{"line":33,"column":2}}]},"3":{"line":49,"type":"if","locations":[{"start":{"line":49,"column":2},"end":{"line":49,"column":2}},{"start":{"line":49,"column":2},"end":{"line":49,"column":2}}]},"4":{"line":54,"type":"if","locations":[{"start":{"line":54,"column":2},"end":{"line":54,"column":2}},{"start":{"line":54,"column":2},"end":{"line":54,"column":2}}]}},"code":["var chalk = require('chalk');","var makeSpaces = require('./makeSpaces');","","function identity (string) { return string; }","","var typeToColor = {","  error: identity,","  warn: identity,","  log: identity,","  info: identity,","  debug: identity,","  success: identity","};","","var typeToTitleColor = {","  error: chalk.red,","  warn: chalk.yellow,","  log: chalk.white,","  info: chalk.grey,","  debug: chalk.blue,","  success: chalk.green","};","","var longestTitle = 5;","","function paddedString (length, string) {","  var padding = makeSpaces(length + 3);","","  if (string instanceof Error) {","    string = string.stack;","  }","","  if (typeof string !== 'string') {","    return string;","  }","","  var lines = string.split('\\n');","  var paddedLines = lines","    .slice(1)","    .map(function addPadding (string) {","      return padding + string;","    });","  paddedLines.unshift(lines[0]);","","  return paddedLines.join('\\n');","}","","function message (type, subject, string) {","  if (!typeToColor.hasOwnProperty(type)) {","    type = 'info';","    console.log(typeToColor.warn('Type ' + type + ' is not defined as logging type'));","  }","","  if (subject.length < longestTitle) {","    const appendChar = ' ';","    while (subject.length < longestTitle) {","      subject = appendChar + subject;","    }","  } else {","    longestTitle = subject.length;","  }","","  console.log(typeToTitleColor[type](subject + ' ') + '| ' + paddedString(longestTitle, typeToColor[type](string)));","}","","module.exports = function (subject) {","  return {","    error: message.bind(null, 'error', subject),","    warn: message.bind(null, 'warn', subject),","    log: message.bind(null, 'log', subject),","    info: message.bind(null, 'info', subject),","    debug: message.bind(null, 'debug', subject),","    success: message.bind(null, 'success', subject)","  };","};",""],"l":{"1":1,"2":1,"4":1,"6":1,"15":1,"24":1,"26":1,"27":0,"29":0,"30":0,"33":0,"34":0,"37":0,"38":0,"41":0,"43":0,"45":0,"48":1,"49":0,"50":0,"51":0,"54":0,"55":0,"56":0,"57":0,"60":0,"63":0,"66":1,"67":7}},"/home/travis/build/npmtest/node-npmtest-backstopjs/node_modules/backstopjs/core/util/makeSpaces.js":{"path":"/home/travis/build/npmtest/node-npmtest-backstopjs/node_modules/backstopjs/core/util/makeSpaces.js","s":{"1":1,"2":14,"3":14,"4":14,"5":76,"6":76,"7":14},"b":{},"f":{"1":14},"fnMap":{"1":{"name":"makeSpaces","line":1,"loc":{"start":{"line":1,"column":17},"end":{"line":1,"column":46}}}},"statementMap":{"1":{"start":{"line":1,"column":0},"end":{"line":9,"column":2}},"2":{"start":{"line":2,"column":2},"end":{"line":2,"column":12}},"3":{"start":{"line":3,"column":2},"end":{"line":3,"column":18}},"4":{"start":{"line":4,"column":2},"end":{"line":7,"column":3}},"5":{"start":{"line":5,"column":4},"end":{"line":5,"column":18}},"6":{"start":{"line":6,"column":4},"end":{"line":6,"column":8}},"7":{"start":{"line":8,"column":2},"end":{"line":8,"column":16}}},"branchMap":{},"code":["module.exports = function makeSpaces (length) {","  var i = 0;","  var result = '';","  while (i < length) {","    result += ' ';","    i++;","  }","  return result;","};",""],"l":{"1":1,"2":14,"3":14,"4":14,"5":76,"6":76,"8":14}},"/home/travis/build/npmtest/node-npmtest-backstopjs/node_modules/backstopjs/core/command/genConfig.js":{"path":"/home/travis/build/npmtest/node-npmtest-backstopjs/node_modules/backstopjs/core/command/genConfig.js","s":{"1":1,"2":1,"3":1,"4":0,"5":0,"6":0,"7":0,"8":0,"9":0,"10":0,"11":0,"12":0},"b":{"1":[0,0]},"f":{"1":0,"2":0,"3":0},"fnMap":{"1":{"name":"genConfig","line":8,"loc":{"start":{"line":8,"column":11},"end":{"line":8,"column":39}}},"2":{"name":"(anonymous_2)","line":20,"loc":{"start":{"line":20,"column":99},"end":{"line":20,"column":111}}},"3":{"name":"(anonymous_3)","line":22,"loc":{"start":{"line":22,"column":7},"end":{"line":22,"column":22}}}},"statementMap":{"1":{"start":{"line":1,"column":0},"end":{"line":1,"column":31}},"2":{"start":{"line":2,"column":0},"end":{"line":2,"column":52}},"3":{"start":{"line":7,"column":0},"end":{"line":28,"column":2}},"4":{"start":{"line":9,"column":4},"end":{"line":9,"column":22}},"5":{"start":{"line":11,"column":4},"end":{"line":17,"column":5}},"6":{"start":{"line":12,"column":6},"end":{"line":12,"column":103}},"7":{"start":{"line":14,"column":6},"end":{"line":14,"column":83}},"8":{"start":{"line":16,"column":6},"end":{"line":16,"column":130}},"9":{"start":{"line":20,"column":4},"end":{"line":24,"column":8}},"10":{"start":{"line":21,"column":6},"end":{"line":21,"column":90}},"11":{"start":{"line":23,"column":6},"end":{"line":23,"column":16}},"12":{"start":{"line":26,"column":4},"end":{"line":26,"column":33}}},"branchMap":{"1":{"line":11,"type":"if","locations":[{"start":{"line":11,"column":4},"end":{"line":11,"column":4}},{"start":{"line":11,"column":4},"end":{"line":11,"column":4}}]}},"code":["var fs = require('../util/fs');","var logger = require('../util/logger')('genConfig');","","/**"," * Copies a boilerplate config file to the current config file location."," */","module.exports = {","  execute: function genConfig (config) {","    var promises = [];","","    if (config.casper_scripts) {","      logger.log(\"Copying '\" + config.casper_scripts_default + \"' to '\" + config.casper_scripts + \"'\");","","      promises.push(fs.copy(config.casper_scripts_default, config.casper_scripts));","    } else {","      logger.error('ERROR: Can\\'t generate a scripts directory. No \\'casper_scripts\\' path property was found in backstop.json.');","    }","","    // Copies a boilerplate config file to the current config file location.","    promises.push(fs.copy(config.captureConfigFileNameDefault, config.backstopConfigFileName).then(function () {","      logger.log(\"Configuration file written at '\" + config.backstopConfigFileName + \"'\");","    }, function (err) {","      throw err;","    }));","","    return Promise.all(promises);","  }","};",""],"l":{"1":1,"2":1,"7":1,"9":0,"11":0,"12":0,"14":0,"16":0,"20":0,"21":0,"23":0,"26":0}},"/home/travis/build/npmtest/node-npmtest-backstopjs/node_modules/backstopjs/core/util/fs.js":{"path":"/home/travis/build/npmtest/node-npmtest-backstopjs/node_modules/backstopjs/core/util/fs.js","s":{"1":1,"2":1,"3":1,"4":1,"5":0,"6":0,"7":0,"8":1},"b":{},"f":{"1":0,"2":0,"3":0},"fnMap":{"1":{"name":"exists","line":15,"loc":{"start":{"line":15,"column":10},"end":{"line":15,"column":33}}},"2":{"name":"(anonymous_2)","line":17,"loc":{"start":{"line":17,"column":12},"end":{"line":17,"column":28}}},"3":{"name":"(anonymous_3)","line":20,"loc":{"start":{"line":20,"column":13},"end":{"line":20,"column":25}}}},"statementMap":{"1":{"start":{"line":1,"column":0},"end":{"line":1,"column":23}},"2":{"start":{"line":2,"column":0},"end":{"line":2,"column":34}},"3":{"start":{"line":3,"column":0},"end":{"line":3,"column":39}},"4":{"start":{"line":5,"column":0},"end":{"line":24,"column":2}},"5":{"start":{"line":16,"column":4},"end":{"line":22,"column":9}},"6":{"start":{"line":18,"column":8},"end":{"line":18,"column":23}},"7":{"start":{"line":21,"column":8},"end":{"line":21,"column":21}},"8":{"start":{"line":26,"column":0},"end":{"line":26,"column":31}}},"branchMap":{},"code":["var fs = require('fs');","var fsExtra = require('fs-extra');","var promisify = require('./promisify');","","var fsPromisified = {","  readdir: promisify(fs.readdir),","  createWriteStream: fs.createWriteStream,","  existsSync: fs.existsSync,","  readFile: promisify(fs.readFile),","  writeFile: promisify(fs.writeFile),","  unlink: promisify(fs.unlink),","  remove: promisify(fsExtra.remove),","  stat: promisify(fs.stat),","  copy: promisify(fsExtra.copy),","  exists: function exists (file) {","    return fsPromisified.stat(file)","      .then(function (args) {","        return args[0];","      })","      .catch(function () {","        return false;","      });","  }","};","","module.exports = fsPromisified;",""],"l":{"1":1,"2":1,"3":1,"5":1,"16":0,"18":0,"21":0,"26":1}},"/home/travis/build/npmtest/node-npmtest-backstopjs/node_modules/backstopjs/core/util/promisify.js":{"path":"/home/travis/build/npmtest/node-npmtest-backstopjs/node_modules/backstopjs/core/util/promisify.js","s":{"1":1,"2":7,"3":0,"4":0,"5":0,"6":0,"7":0,"8":0,"9":0,"10":0,"11":0},"b":{"1":[0,0],"2":[0,0],"3":[0,0]},"f":{"1":7,"2":0,"3":0,"4":0},"fnMap":{"1":{"name":"promisify","line":2,"loc":{"start":{"line":2,"column":17},"end":{"line":2,"column":43}}},"2":{"name":"(anonymous_2)","line":3,"loc":{"start":{"line":3,"column":9},"end":{"line":3,"column":21}}},"3":{"name":"(anonymous_3)","line":5,"loc":{"start":{"line":5,"column":23},"end":{"line":5,"column":50}}},"4":{"name":"(anonymous_4)","line":6,"loc":{"start":{"line":6,"column":16},"end":{"line":6,"column":31}}}},"statementMap":{"1":{"start":{"line":2,"column":0},"end":{"line":18,"column":2}},"2":{"start":{"line":3,"column":2},"end":{"line":17,"column":4}},"3":{"start":{"line":4,"column":4},"end":{"line":4,"column":88}},"4":{"start":{"line":5,"column":4},"end":{"line":16,"column":7}},"5":{"start":{"line":6,"column":6},"end":{"line":14,"column":9}},"6":{"start":{"line":7,"column":8},"end":{"line":10,"column":9}},"7":{"start":{"line":8,"column":10},"end":{"line":8,"column":22}},"8":{"start":{"line":9,"column":10},"end":{"line":9,"column":17}},"9":{"start":{"line":12,"column":8},"end":{"line":12,"column":92}},"10":{"start":{"line":13,"column":8},"end":{"line":13,"column":31}},"11":{"start":{"line":15,"column":6},"end":{"line":15,"column":29}}},"branchMap":{"1":{"line":4,"type":"cond-expr","locations":[{"start":{"line":4,"column":41},"end":{"line":4,"column":55}},{"start":{"line":4,"column":58},"end":{"line":4,"column":86}}]},"2":{"line":7,"type":"if","locations":[{"start":{"line":7,"column":8},"end":{"line":7,"column":8}},{"start":{"line":7,"column":8},"end":{"line":7,"column":8}}]},"3":{"line":12,"type":"cond-expr","locations":[{"start":{"line":12,"column":45},"end":{"line":12,"column":59}},{"start":{"line":12,"column":62},"end":{"line":12,"column":90}}]}},"code":["","module.exports = function promisify (func) {","  return function () {","    var args = (arguments.length === 1 ? [arguments[0]] : Array.apply(null, arguments));","    return new Promise(function (resolve, reject) {","      args.push(function (err) {","        if (err) {","          reject(err);","          return;","        }","","        var args = (arguments.length === 1 ? [arguments[0]] : Array.apply(null, arguments));","        resolve(args.slice(1));","      });","      func.apply(this, args);","    });","  };","};",""],"l":{"2":1,"3":7,"4":0,"5":0,"6":0,"7":0,"8":0,"9":0,"12":0,"13":0,"15":0}},"/home/travis/build/npmtest/node-npmtest-backstopjs/node_modules/backstopjs/core/command/openReport.js":{"path":"/home/travis/build/npmtest/node-npmtest-backstopjs/node_modules/backstopjs/core/command/openReport.js","s":{"1":1,"2":1,"3":1,"4":1,"5":1,"6":0,"7":0,"8":0,"9":0,"10":0,"11":0,"12":0,"13":0,"14":0},"b":{"1":[0,0],"2":[0,0]},"f":{"1":0,"2":0,"3":0,"4":0},"fnMap":{"1":{"name":"(anonymous_1)","line":6,"loc":{"start":{"line":6,"column":11},"end":{"line":6,"column":29}}},"2":{"name":"toAbsolute","line":7,"loc":{"start":{"line":7,"column":4},"end":{"line":7,"column":28}}},"3":{"name":"(anonymous_3)","line":14,"loc":{"start":{"line":14,"column":23},"end":{"line":14,"column":50}}},"4":{"name":"(anonymous_4)","line":16,"loc":{"start":{"line":16,"column":48},"end":{"line":16,"column":63}}}},"statementMap":{"1":{"start":{"line":1,"column":0},"end":{"line":1,"column":27}},"2":{"start":{"line":2,"column":0},"end":{"line":2,"column":53}},"3":{"start":{"line":3,"column":0},"end":{"line":3,"column":27}},"4":{"start":{"line":5,"column":0},"end":{"line":24,"column":2}},"5":{"start":{"line":7,"column":4},"end":{"line":12,"column":5}},"6":{"start":{"line":8,"column":6},"end":{"line":10,"column":7}},"7":{"start":{"line":9,"column":8},"end":{"line":9,"column":17}},"8":{"start":{"line":11,"column":6},"end":{"line":11,"column":46}},"9":{"start":{"line":14,"column":4},"end":{"line":22,"column":7}},"10":{"start":{"line":15,"column":6},"end":{"line":15,"column":36}},"11":{"start":{"line":16,"column":6},"end":{"line":21,"column":9}},"12":{"start":{"line":17,"column":8},"end":{"line":19,"column":9}},"13":{"start":{"line":18,"column":10},"end":{"line":18,"column":88}},"14":{"start":{"line":20,"column":8},"end":{"line":20,"column":18}}},"branchMap":{"1":{"line":8,"type":"if","locations":[{"start":{"line":8,"column":6},"end":{"line":8,"column":6}},{"start":{"line":8,"column":6},"end":{"line":8,"column":6}}]},"2":{"line":17,"type":"if","locations":[{"start":{"line":17,"column":8},"end":{"line":17,"column":8}},{"start":{"line":17,"column":8},"end":{"line":17,"column":8}}]}},"code":["var open = require('open');","var logger = require('../util/logger')('openReport');","var path = require('path');","","module.exports = {","  execute: function (config) {","    function toAbsolute (p) {","      if (path.isAbsolute(p)) {","        return p;","      }","      return path.join(config.projectPath, p);","    }","","    return new Promise(function (resolve, reject) {","      logger.log('Opening report.');","      open(toAbsolute(config.compareReportURL), function (err) {","        if (err) {","          logger.error('An error occured while opening report in the default browser.');","        }","        resolve();","      });","    });","  }","};",""],"l":{"1":1,"2":1,"3":1,"5":1,"7":1,"8":0,"9":0,"11":0,"14":0,"15":0,"16":0,"17":0,"18":0,"20":0}},"/home/travis/build/npmtest/node-npmtest-backstopjs/node_modules/backstopjs/core/command/reference.js":{"path":"/home/travis/build/npmtest/node-npmtest-backstopjs/node_modules/backstopjs/core/command/reference.js","s":{"1":1,"2":1,"3":1,"4":1,"5":0,"6":0,"7":0,"8":0,"9":0,"10":0,"11":0,"12":0},"b":{"1":[0,0],"2":[0,0]},"f":{"1":0,"2":0,"3":0,"4":0},"fnMap":{"1":{"name":"(anonymous_1)","line":6,"loc":{"start":{"line":6,"column":11},"end":{"line":6,"column":29}}},"2":{"name":"(anonymous_2)","line":13,"loc":{"start":{"line":13,"column":59},"end":{"line":13,"column":71}}},"3":{"name":"(anonymous_3)","line":18,"loc":{"start":{"line":18,"column":26},"end":{"line":18,"column":38}}},"4":{"name":"(anonymous_4)","line":20,"loc":{"start":{"line":20,"column":12},"end":{"line":20,"column":24}}}},"statementMap":{"1":{"start":{"line":1,"column":0},"end":{"line":1,"column":53}},"2":{"start":{"line":2,"column":0},"end":{"line":2,"column":31}},"3":{"start":{"line":3,"column":0},"end":{"line":3,"column":48}},"4":{"start":{"line":5,"column":0},"end":{"line":24,"column":2}},"5":{"start":{"line":7,"column":4},"end":{"line":7,"column":18}},"6":{"start":{"line":10,"column":4},"end":{"line":16,"column":5}},"7":{"start":{"line":11,"column":6},"end":{"line":11,"column":36}},"8":{"start":{"line":13,"column":6},"end":{"line":15,"column":9}},"9":{"start":{"line":14,"column":8},"end":{"line":14,"column":67}},"10":{"start":{"line":18,"column":4},"end":{"line":22,"column":7}},"11":{"start":{"line":19,"column":6},"end":{"line":19,"column":41}},"12":{"start":{"line":21,"column":6},"end":{"line":21,"column":72}}},"branchMap":{"1":{"line":10,"type":"if","locations":[{"start":{"line":10,"column":4},"end":{"line":10,"column":4}},{"start":{"line":10,"column":4},"end":{"line":10,"column":4}}]},"2":{"line":10,"type":"binary-expr","locations":[{"start":{"line":10,"column":8},"end":{"line":10,"column":26}},{"start":{"line":10,"column":30},"end":{"line":10,"column":43}}]}},"code":["var createBitmaps = require('../util/createBitmaps');","var fs = require('../util/fs');","var logger = require('../util/logger')('clean');","","module.exports = {","  execute: function (config) {","    var firstStep;","","    // do not remove reference directory if we are in incremental mode","    if (config.args.filter || config.args.i) {","      firstStep = Promise.resolve();","    } else {","      firstStep = fs.remove(config.bitmaps_reference).then(function () {","        logger.success(config.bitmaps_reference + ' was cleaned.');","      });","    }","","    return firstStep.then(function () {","      return createBitmaps(config, true);","    }).then(function () {","      console.log('\\nRun `$ backstop test` to generate diff report.\\n');","    });","  }","};",""],"l":{"1":1,"2":1,"3":1,"5":1,"7":0,"10":0,"11":0,"13":0,"14":0,"18":0,"19":0,"21":0}},"/home/travis/build/npmtest/node-npmtest-backstopjs/node_modules/backstopjs/core/util/createBitmaps.js":{"path":"/home/travis/build/npmtest/node-npmtest-backstopjs/node_modules/backstopjs/core/util/createBitmaps.js","s":{"1":1,"2":1,"3":1,"4":1,"5":1,"6":1,"7":1,"8":0,"9":0,"10":1,"11":0,"12":0,"13":0,"14":0,"15":0,"16":0,"17":0,"18":0,"19":0,"20":0,"21":0,"22":0,"23":0,"24":0,"25":0,"26":0,"27":0,"28":1,"29":0,"30":0,"31":0,"32":0,"33":0,"34":0,"35":0,"36":0,"37":0,"38":0,"39":0,"40":0,"41":0},"b":{"1":[0,0],"2":[0,0],"3":[0,0],"4":[0,0],"5":[0,0]},"f":{"1":0,"2":0,"3":0,"4":0,"5":0,"6":0,"7":0,"8":0},"fnMap":{"1":{"name":"regexTest","line":11,"loc":{"start":{"line":11,"column":0},"end":{"line":11,"column":36}}},"2":{"name":"writeReferenceCreateConfig","line":22,"loc":{"start":{"line":22,"column":0},"end":{"line":22,"column":58}}},"3":{"name":"(anonymous_3)","line":39,"loc":{"start":{"line":39,"column":42},"end":{"line":39,"column":66}}},"4":{"name":"(anonymous_4)","line":40,"loc":{"start":{"line":40,"column":33},"end":{"line":40,"column":53}}},"5":{"name":"(anonymous_5)","line":55,"loc":{"start":{"line":55,"column":17},"end":{"line":55,"column":48}}},"6":{"name":"(anonymous_6)","line":56,"loc":{"start":{"line":56,"column":62},"end":{"line":56,"column":74}}},"7":{"name":"(anonymous_7)","line":60,"loc":{"start":{"line":60,"column":
[...]
"locations":[{"start":{"line":5,"column":2},"end":{"line":5,"column":2}},{"start":{"line":5,"column":2},"end":{"line":5,"column":2}}]},"2":{"line":5,"type":"binary-expr","locations":[{"start":{"line":5,"column":6},"end":{"line":5,"column":34}},{"start":{"line":5,"column":38},"end":{"line":5,"column":48}}]},"3":{"line":8,"type":"if","locations":[{"start":{"line":8,"column":9},"end":{"line":8,"column":9}},{"start":{"line":8,"column":9},"end":{"line":8,"column":9}}]},"4":{"line":8,"type":"binary-expr","locations":[{"start":{"line":8,"column":13},"end":{"line":8,"column":42}},{"start":{"line":8,"column":46},"end":{"line":8,"column":80}}]},"5":{"line":78,"type":"if","locations":[{"start":{"line":78,"column":6},"end":{"line":78,"column":6}},{"start":{"line":78,"column":6},"end":{"line":78,"column":6}}]},"6":{"line":78,"type":"binary-expr","locations":[{"start":{"line":78,"column":11},"end":{"line":78,"column":26}},{"start":{"line":79,"column":11},"end":{"line":79,"column":29}}]},"7":{"line":83,"type":"cond-expr","locations":[{"start":{"line":83,"column":81},"end":{"line":83,"column":100}},{"start":{"line":83,"column":103},"end":{"line":83,"column":105}}]},"8":{"line":83,"type":"binary-expr","locations":[{"start":{"line":83,"column":29},"end":{"line":83,"column":48}},{"start":{"line":83,"column":52},"end":{"line":83,"column":77}}]},"9":{"line":86,"type":"binary-expr","locations":[{"start":{"line":86,"column":27},"end":{"line":86,"column":45}},{"start":{"line":86,"column":49},"end":{"line":86,"column":50}}]},"10":{"line":106,"type":"if","locations":[{"start":{"line":106,"column":8},"end":{"line":106,"column":8}},{"start":{"line":106,"column":8},"end":{"line":106,"column":8}}]},"11":{"line":112,"type":"cond-expr","locations":[{"start":{"line":112,"column":26},"end":{"line":112,"column":82}},{"start":{"line":112,"column":85},"end":{"line":112,"column":123}}]},"12":{"line":128,"type":"if","locations":[{"start":{"line":128,"column":12},"end":{"line":128,"column":12}},{"start":{"line":128,"column":12},"end":{"line":128,"column":12}}]},"13":{"line":160,"type":"cond-expr","locations":[{"start":{"line":160,"column":53},"end":{"line":160,"column":54}},{"start":{"line":160,"column":57},"end":{"line":160,"column":76}}]},"14":{"line":166,"type":"if","locations":[{"start":{"line":166,"column":8},"end":{"line":166,"column":8}},{"start":{"line":166,"column":8},"end":{"line":166,"column":8}}]},"15":{"line":166,"type":"binary-expr","locations":[{"start":{"line":166,"column":12},"end":{"line":166,"column":26}},{"start":{"line":166,"column":30},"end":{"line":166,"column":65}}]},"16":{"line":187,"type":"if","locations":[{"start":{"line":187,"column":8},"end":{"line":187,"column":8}},{"start":{"line":187,"column":8},"end":{"line":187,"column":8}}]},"17":{"line":192,"type":"if","locations":[{"start":{"line":192,"column":10},"end":{"line":192,"column":10}},{"start":{"line":192,"column":10},"end":{"line":192,"column":10}}]},"18":{"line":192,"type":"binary-expr","locations":[{"start":{"line":192,"column":14},"end":{"line":192,"column":28}},{"start":{"line":192,"column":32},"end":{"line":192,"column":48}}]},"19":{"line":205,"type":"cond-expr","locations":[{"start":{"line":205,"column":67},"end":{"line":205,"column":68}},{"start":{"line":205,"column":71},"end":{"line":205,"column":72}}]},"20":{"line":208,"type":"if","locations":[{"start":{"line":208,"column":8},"end":{"line":208,"column":8}},{"start":{"line":208,"column":8},"end":{"line":208,"column":8}}]},"21":{"line":216,"type":"if","locations":[{"start":{"line":216,"column":8},"end":{"line":216,"column":8}},{"start":{"line":216,"column":8},"end":{"line":216,"column":8}}]},"22":{"line":262,"type":"binary-expr","locations":[{"start":{"line":262,"column":11},"end":{"line":262,"column":18}},{"start":{"line":262,"column":22},"end":{"line":262,"column":26}}]},"23":{"line":294,"type":"if","locations":[{"start":{"line":294,"column":6},"end":{"line":294,"column":6}},{"start":{"line":294,"column":6},"end":{"line":294,"column":6}}]},"24":{"line":311,"type":"binary-expr","locations":[{"start":{"line":311,"column":13},"end":{"line":311,"column":19}},{"start":{"line":311,"column":23},"end":{"line":311,"column":24}}]},"25":{"line":312,"type":"binary-expr","locations":[{"start":{"line":312,"column":35},"end":{"line":312,"column":53}},{"start":{"line":312,"column":57},"end":{"line":312,"column":61}}]},"26":{"line":313,"type":"binary-expr","locations":[{"start":{"line":313,"column":12},"end":{"line":313,"column":24}},{"start":{"line":313,"column":28},"end":{"line":313,"column":50}},{"start":{"line":313,"column":54},"end":{"line":313,"column":96}}]}},"code":["/* global define */","(function (root, factory) {","  'use strict';","","  if (typeof define === 'function' && define.amd) {","    // AMD support","    define(['angular'], factory);","  } else if (typeof module !== 'undefined' && typeof module.exports === 'object') {","    // commonJS support","    module.exports = factory(require('angular'));","  } else {","    // no module loading system","    return factory(root.angular);","  }","})(this, function (angular) {","  'use strict';","","  var module = 'revealer';","","  /**","   * ngDoc module","   * @name 'revealer'","   * @description allow two images to be layered on top of each other","   *              and compared using a drag handler","   */","  angular","  .module(module, [])","  .directive('revealer', revealer);","","  var multipleEvents = [{","    action: 'mousedown',","    move: 'mousemove',","    release: 'mouseup'","  }, {","    action: 'touchstart',","    move: 'touchmove',","    release: 'touchend'","  }];","","  revealer.$inject = ['$document', '$window'];","","  /**","   * @ngdoc directive","   * @name revealer.directive:revealer","   * @description directive that will take two images and create a handler *              that allows for the top image to be adjusted that reveals","   *              the image below. Images will be inherit the size of its","   *              parent container","   * @element <revealer top-image=\"top.png\" top-label=\"Top Image\" bottom-image=\"bottom.png\" bottom-label=\"Bottom Label\"></revealer>","   * @scope","   */","  function revealer ($document, $window) {","    return {","      restrcit: 'E',","      template: ['<div class=\"revealer__container\">',","                  '<img class=\"revealer__image\" ng-src=\"{{bottomImage}}\">',","                  '<span class=\"revealer__label revealer__label--right\">{{ bottomLabel}}</span>',","                  '<div class=\"revealer__top-image\">',","                    '<img class=\"revealer__image\" ng-src=\"{{topImage}}\">',","                    '<span class=\"revealer__label revealer__label--left\">{{topLabel}}</span>',","                  '</div>',","                  '<span class=\"revealer__handle\"></span>',","                '</div>'].join(''),","      scope: {","        bottomLabel: '@',","        topLabel: '@',","        bottomImage: '@',","        topImage: '@',","        startPosition: '=?',","        onComplete: '&',","        scroll: '=?',","        scrollOffset: '=?'","      },","      link: link","    };","","    function link (scope, elem, attr) {","      // throw error when image path not provided","      if ((!scope.topImage) ||","          (!scope.bottomImage)) {","        throw Error('please provide a valid path for the top and bottom image attributes on the revealer directive');","      }","","      scope.startPosition = (scope.startPosition && scope.startPosition < 100) ? scope.startPosition : 50;","","      scope.scroll = scope.scroll === true;","      scope.scrollOffset = scope.scrollOffset || 0;","","      var handle;","      var topImage;","      var revealer;","      var handleClass;","      var revealerSettings;","      var handlerSettings;","      var handleOffset = 0;","","      var handleDrag = throttle(_handleDrag, 40);","      var handleScroll = throttle(_handleScroll, 20);","","      $document.ready(function () {","        // store the needed elements","        handle = getElem(elem, '.revealer__handle');","        topImage = getElem(elem, '.revealer__top-image');","        revealer = getElem(elem, '.revealer__container');","        handleClass = 'revealer__handle--drag';","","        if (scope.scroll) {","          // $window does not have on method so it must be wrapped","          // in an angular.element to use this method","          angular.element($window).on('scroll', handleScroll);","        }","","        (!scope.scroll) ? setRevealPosition(handle, topImage, scope.startPosition) : setRevealPosition(handle, topImage, 0);","","        angular.forEach(multipleEvents, function (eventConfig) {","          handle.on(eventConfig.action, function (e) {","            var clickPos;","","            handle.addClass(handleClass);","            revealerSettings = getDimensions(revealer);","            handlerSettings = getDimensions(handle);","","            // get the click/touch postiton of the handler","            clickPos = mousePos(e, handlerSettings).x;","","            // if the click position is on the other side of the handler","            // we have to set a negative offset, also do some maths to","            // calculate the actual value to offset","            if (clickPos > handlerSettings.width / 2) {","              handleOffset = -(clickPos - handlerSettings.width / 2);","            } else {","              handleOffset = (handlerSettings.width / 2 - clickPos);","            }","","            // when the handle is dragged, can either","            // be a 'mousemove' or 'touchmove' event,","            // caluclate the position of the overlay","            $document.on(eventConfig.move, handleDrag);","","            // when the release action is triggered unbind","            // event listerners on drag an elements","            $document.on(eventConfig.release, removeListeners);","          });","        });","","        scope.$watch('startPosition', function (newValue, oldValue) {","          setRevealPosition(handle, topImage, newValue);","        });","      }); // ready","","      /**","       * handle the drag of the handle, if the handle is","       * draged outside the container do nothing. Otherwise","       * calculate the percentage and set the position of","       * the handle and the width of the topImage container","       * @param  {Event Object} e : Event Object","       */","      function _handleDrag (e) {","        e.preventDefault();","","        var eventObject = (e.type === 'mousemove') ? e : e.changedTouches[0];","        var position = mousePos(eventObject, revealerSettings);","        var percentage;","","        position.x += handleOffset;","","        if (position.x < 0 || position.x > revealerSettings.width) {","          return;","        }","","        percentage = (position.x / revealerSettings.width) * 100;","","        setRevealPosition(handle, topImage, percentage);","      }","","      /**","       * when the pages scrolls calculate if the element is in the","       * viewport and then set the reveal position in relation to","       * the scroll position of the element","       * @param  {Event Object} e","       */","      function _handleScroll (e) {","        e.preventDefault();","","        // calculate if elem in viewport","        // if it is, calulate the scroll percentage","        // in relation to the elem, set percentage for revealer","        if (inView(elem, $window, scope.scrollOffset)) {","          var elemTop = getDimensions(elem[0].parentNode).top;","          var height = window.innerHeight - scope.scrollOffset;","          var percentage = (height - elemTop) / height * 100;","","          if (percentage > 0 && percentage < 100) {","            setRevealPosition(handle, topImage, percentage);","          }","        }","      }","","      /**","       * ensure only the correct event listener functions","       * are removed from the 'document' object","       * @param  {Object} config","       * @param  {Event object} e","       */","      function removeListeners (e) {","        var configIndex = (e.type === multipleEvents[0].release) ? 0 : 1;","        var config = multipleEvents[configIndex];","","        if (scope.onComplete) {","          scope.onComplete();","        }","","        handle.removeClass(handleClass);","        $document.off(config.move, handleDrag);","        $document.off(config.release, removeListeners);","","        if (scope.pageScroll) {","          angular.element($window).off('scroll', handleScroll);","        }","      }","    } // link","  } // revealer","","  /**","   * set the position of the handler and the revealer","   * @param {DOM Object} handle   : drag handler","   * @param {DOM object} revealer : top image to reveal","   * @param {Number} position     : position of revealer","   */","  function setRevealPosition (handle, revealer, position) {","    handle.css({ left: appendPercentage(position) });","    revealer.css({ width: appendPercentage(position) });","  }","","  /**","   * return an angular element based on the querySelector of the elem provided","   * @param  {DOM Element} elem : element to find elements near","   * @param  {String} value     : class to search for","   * @return {DOM Element}","   */","  function getElem (elem, value) {","    return angular.element(elem[0].querySelector(value));","  }","","  /**","   * get the mouse coordsinatea based on a target element","   * @param  {Event object}  e","   * @param  {Object} target position of target element on page","   * @return {Object}        x and y coordinates of mouse","   */","  function mousePos (e, target) {","    return {","      x: e.clientX - target.left","    };","  }","","  /**","   * get the settings of the DOM element passed as a parameter","   * @param  {DOM element} elem","   * @return {Object}      getBoundingClientRect() results","   */","  function getDimensions (elem) {","    elem = elem[0] || elem;","    return elem.getBoundingClientRect();","  }","","  /**","   * return the value as a string with '%' appendPercentage","   * @param  {Number} value","   * @return {String} string representation of value","   */","  function appendPercentage (value) {","    return value + '%';","  }","","  /**","   * utility function to throttle the execution","   * of the callback, this is useful when every","   * opertations need to be done on events that","   * get executed in rapid succession. The callback","   * will get executed after the delay","   * @param  {Function} cb","   * @param  {Number}   delay","   * @return {Function}","   */","  function throttle (cb, delay) {","    var _this = this;","    var wait = false;","","    function reset () {","      wait = false;","    }","","    return function () {","      if (!wait) {","        cb.apply(_this, arguments);","        wait = true;","        setTimeout(reset, delay);","      }","    };","  }","","  /**","   * return if the DOM element is within the window","   * viewport, offset can be applied","   * @param  {DOM Object}   elem","   * @param  {Object}       global","   * @param  {Number}       offset","   * @return {Boolean}","   */","  function inView (elem, win, offset) {","    offset = offset || 0;","    var dimensions = getDimensions(elem[0].parentNode || elem);","    return (!!dimensions && dimensions.bottom >= 0 && dimensions.top <= win.innerHeight - offset);","  }","","  return module;","});",""],"l":{"2":2,"5":2,"7":0,"8":2,"10":2,"13":0,"18":0,"26":0,"30":0,"40":0,"51":1,"52":0,"76":1,"78":0,"80":0,"83":0,"85":0,"86":0,"88":0,"89":0,"90":0,"91":0,"92":0,"93":0,"94":0,"96":0,"97":0,"99":0,"101":0,"102":0,"103":0,"104":0,"106":0,"109":0,"112":0,"114":0,"115":0,"116":0,"118":0,"119":0,"120":0,"123":0,"128":0,"129":0,"131":0,"137":0,"141":0,"145":0,"146":0,"157":1,"158":0,"160":0,"161":0,"162":0,"164":0,"166":0,"167":0,"170":0,"172":0,"181":1,"182":0,"187":0,"188":0,"189":0,"190":0,"192":0,"193":0,"204":1,"205":0,"206":0,"208":0,"209":0,"212":0,"213":0,"214":0,"216":0,"217":0,"229":1,"230":0,"231":0,"240":1,"241":0,"250":1,"251":0,"261":1,"262":0,"263":0,"271":1,"272":0,"285":1,"286":0,"287":0,"289":1,"290":0,"293":0,"294":0,"295":0,"296":0,"297":0,"310":1,"311":0,"312":0,"313":0,"316":0}},"/home/travis/build/npmtest/node-npmtest-backstopjs/node_modules/backstopjs/core/command/echo.js":{"path":"/home/travis/build/npmtest/node-npmtest-backstopjs/node_modules/backstopjs/core/command/echo.js","s":{"1":1,"2":1,"3":0,"4":0,"5":0,"6":0,"7":0,"8":0,"9":0,"10":0,"11":0,"12":0},"b":{"1":[0,0],"2":[0,0]},"f":{"1":0,"2":0,"3":0},"fnMap":{"1":{"name":"(anonymous_1)","line":4,"loc":{"start":{"line":4,"column":11},"end":{"line":4,"column":29}}},"2":{"name":"(anonymous_2)","line":8,"loc":{"start":{"line":8,"column":23},"end":{"line":8,"column":50}}},"3":{"name":"(anonymous_3)","line":9,"loc":{"start":{"line":9,"column":30},"end":{"line":9,"column":46}}}},"statementMap":{"1":{"start":{"line":1,"column":0},"end":{"line":1,"column":45}},"2":{"start":{"line":3,"column":0},"end":{"line":24,"column":2}},"3":{"start":{"line":5,"column":4},"end":{"line":5,"column":41}},"4":{"start":{"line":6,"column":4},"end":{"line":6,"column":47}},"5":{"start":{"line":8,"column":4},"end":{"line":22,"column":7}},"6":{"start":{"line":9,"column":6},"end":{"line":21,"column":9}},"7":{"start":{"line":10,"column":8},"end":{"line":10,"column":33}},"8":{"start":{"line":11,"column":8},"end":{"line":11,"column":96}},"9":{"start":{"line":13,"column":8},"end":{"line":13,"column":35}},"10":{"start":{"line":16,"column":8},"end":{"line":20,"column":9}},"11":{"start":{"line":17,"column":10},"end":{"line":17,"column":19}},"12":{"start":{"line":19,"column":10},"end":{"line":19,"column":20}}},"branchMap":{"1":{"line":11,"type":"cond-expr","locations":[{"start":{"line":11,"column":31},"end":{"line":11,"column":54}},{"start":{"line":11,"column":57},"end":{"line":11,"column":95}}]},"2":{"line":16,"type":"if","locations":[{"start":{"line":16,"column":8},"end":{"line":16,"column":8}},{"start":{"line":16,"column":8},"end":{"line":16,"column":8}}]}},"code":["var runCasper = require('../util/runCasper');","","module.exports = {","  execute: function (config) {","    var tests = ['capture/echoFiles.js'];","    var casperChild = runCasper(config, tests);","","    return new Promise(function (resolve, reject) {","      casperChild.on('close', function (code) {","        var success = code === 0; // Will be 1 in the event of failure","        var result = success ? 'Echo files completed.' : 'Echo files failed with code: ' + code;","","        console.log('\\n' + result);","","        // exit if there was some kind of failure in the casperChild process","        if (code !== 0) {","          reject();","        } else {","          resolve();","        }","      });","    });","  }","};",""],"l":{"1":1,"3":1,"5":0,"6":0,"8":0,"9":0,"10":0,"11":0,"13":0,"16":0,"17":0,"19":0}},"/home/travis/build/npmtest/node-npmtest-backstopjs/node_modules/backstopjs/core/util/isWin.js":{"path":"/home/travis/build/npmtest/node-npmtest-backstopjs/node_modules/backstopjs/core/util/isWin.js","s":{"1":1},"b":{},"f":{},"fnMap":{},"statementMap":{"1":{"start":{"line":1,"column":0},"end":{"line":1,"column":47}}},"branchMap":{},"code":["module.exports = /^win/.test(process.platform);",""],"l":{"1":1}},"/home/travis/build/npmtest/node-npmtest-backstopjs/node_modules/backstopjs/homepage/js/main.js":{"path":"/home/travis/build/npmtest/node-npmtest-backstopjs/node_modules/backstopjs/homepage/js/main.js","s":{"1":2,"2":0},"b":{},"f":{"1":0},"fnMap":{"1":{"name":"(anonymous_1)","line":2,"loc":{"start":{"line":2,"column":18},"end":{"line":2,"column":28}}}},"statementMap":{"1":{"start":{"line":2,"column":0},"end":{"line":4,"column":2}},"2":{"start":{"line":3,"column":1},"end":{"line":3,"column":54}}},"branchMap":{},"code":["","$('button').click(function(){","\tlocation.href=\"https://github.com/garris/BackstopJS\";","})",""],"l":{"2":2,"3":0}}}